Using pre-set license
Built from '2022.3/staging' branch; Version is '2022.3.46f1 (8e9b8558c41a) revision 9345925'; Using compiler version '192829333'; Build Type 'Release'
OS: 'Windows 11  (10.0.22631) 64bit Enterprise' Language: 'en' Physical Memory: 32454 MB
BatchMode: 1, IsHumanControllingUs: 0, StartBugReporterOnCrash: 0, Is64bit: 1, IsPro: 1

COMMAND LINE ARGUMENTS:
C:\Program Files\Unity\Hub\Editor\2022.3.46f1\Editor\Unity.exe
-adb2
-batchMode
-noUpm
-name
AssetImportWorker9
-projectPath
C:/Users/bsmith/My project
-logFile
Logs/AssetImportWorker9.log
-srvPort
56782
Successfully changed project path to: C:/Users/bsmith/My project
C:/Users/bsmith/My project
[UnityMemory] Configuration Parameters - Can be set up in boot.config
    "memorysetup-bucket-allocator-granularity=16"
    "memorysetup-bucket-allocator-bucket-count=8"
    "memorysetup-bucket-allocator-block-size=33554432"
    "memorysetup-bucket-allocator-block-count=8"
    "memorysetup-main-allocator-block-size=16777216"
    "memorysetup-thread-allocator-block-size=16777216"
    "memorysetup-gfx-main-allocator-block-size=16777216"
    "memorysetup-gfx-thread-allocator-block-size=16777216"
    "memorysetup-cache-allocator-block-size=4194304"
    "memorysetup-typetree-allocator-block-size=2097152"
    "memorysetup-profiler-bucket-allocator-granularity=16"
    "memorysetup-profiler-bucket-allocator-bucket-count=8"
    "memorysetup-profiler-bucket-allocator-block-size=33554432"
    "memorysetup-profiler-bucket-allocator-block-count=8"
    "memorysetup-profiler-allocator-block-size=16777216"
    "memorysetup-profiler-editor-allocator-block-size=1048576"
    "memorysetup-temp-allocator-size-main=16777216"
    "memorysetup-job-temp-allocator-block-size=2097152"
    "memorysetup-job-temp-allocator-block-size-background=1048576"
    "memorysetup-job-temp-allocator-reduction-small-platforms=262144"
    "memorysetup-allocator-temp-initial-block-size-main=262144"
    "memorysetup-allocator-temp-initial-block-size-worker=262144"
    "memorysetup-temp-allocator-size-background-worker=32768"
    "memorysetup-temp-allocator-size-job-worker=262144"
    "memorysetup-temp-allocator-size-preload-manager=33554432"
    "memorysetup-temp-allocator-size-nav-mesh-worker=65536"
    "memorysetup-temp-allocator-size-audio-worker=65536"
    "memorysetup-temp-allocator-size-cloud-worker=32768"
    "memorysetup-temp-allocator-size-gi-baking-worker=262144"
    "memorysetup-temp-allocator-size-gfx=262144"
Player connection [38700]  Target information:

Player connection [38700]  * "[IP] 10.4.159.153 [Port] 0 [Flags] 2 [Guid] 3384709723 [EditorId] 3384709723 [Version] 1048832 [Id] WindowsEditor(7,A23817) [Debug] 1 [PackageName] WindowsEditor [ProjectName] Editor" 

Player connection [38700] Host joined multi-casting on [225.0.0.222:54997]...
Player connection [38700] Host joined alternative multi-casting on [225.0.0.222:34997]...
[PhysX] Initialized MultithreadedTaskDispatcher with 32 workers.
Refreshing native plugins compatible for Editor in 28.56 ms, found 11 plugins.
Preloading 0 native plugins for Editor in 0.00 ms.
Initialize engine version: 2022.3.46f1 (8e9b8558c41a)
[Subsystems] Discovering subsystems at path C:/Program Files/Unity/Hub/Editor/2022.3.46f1/Editor/Data/Resources/UnitySubsystems
[Subsystems] Discovering subsystems at path C:/Users/bsmith/My project/Assets
GfxDevice: creating device client; threaded=0; jobified=0
Direct3D:
    Version:  Direct3D 11.0 [level 11.1]
    Renderer: NVIDIA RTX 4000 Ada Generation (ID=0x27b2)
    Vendor:   NVIDIA
    VRAM:     20172 MB
    Driver:   32.0.15.5612
Initialize mono
Mono path[0] = 'C:/Program Files/Unity/Hub/Editor/2022.3.46f1/Editor/Data/Managed'
Mono path[1] = 'C:/Program Files/Unity/Hub/Editor/2022.3.46f1/Editor/Data/MonoBleedingEdge/lib/mono/unityjit-win32'
Mono config path = 'C:/Program Files/Unity/Hub/Editor/2022.3.46f1/Editor/Data/MonoBleedingEdge/etc'
Using monoOptions --debugger-agent=transport=dt_socket,embedding=1,server=y,suspend=n,address=127.0.0.1:56040
Begin MonoManager ReloadAssembly
Registering precompiled unity dll's ...
Register platform support module: C:/Program Files/Unity/Hub/Editor/2022.3.46f1/Editor/Data/PlaybackEngines/WebGLSupport/UnityEditor.WebGL.Extensions.dll
Register platform support module: C:/Program Files/Unity/Hub/Editor/2022.3.46f1/Editor/Data/PlaybackEngines/AndroidPlayer/UnityEditor.Android.Extensions.dll
Register platform support module: C:/Program Files/Unity/Hub/Editor/2022.3.46f1/Editor/Data/PlaybackEngines/WindowsStandaloneSupport/UnityEditor.WindowsStandalone.Extensions.dll
Register platform support module: C:/Program Files/Unity/Hub/Editor/2022.3.46f1/Editor/Data/PlaybackEngines/MetroSupport/UnityEditor.UWP.Extensions.dll
Registered in 0.010706 seconds.
- Loaded All Assemblies, in  0.612 seconds
Native extension for UWP target not found
Native extension for WindowsStandalone target not found
Native extension for Android target not found
Android Extension - Scanning For ADB Devices 353 ms
Native extension for WebGL target not found
Mono: successfully reloaded assembly
- Finished resetting the current domain, in  0.770 seconds
Domain Reload Profiling: 1381ms
	BeginReloadAssembly (132ms)
		ExecutionOrderSort (0ms)
		DisableScriptedObjects (0ms)
		BackupInstance (0ms)
		ReleaseScriptingObjects (0ms)
		CreateAndSetChildDomain (0ms)
	RebuildCommonClasses (113ms)
	RebuildNativeTypeToScriptingClass (28ms)
	initialDomainReloadingComplete (73ms)
	LoadAllAssembliesAndSetupDomain (264ms)
		LoadAssemblies (139ms)
		RebuildTransferFunctionScriptingTraits (0ms)
		AnalyzeDomain (255ms)
			TypeCache.Refresh (253ms)
				TypeCache.ScanAssembly (230ms)
			ScanForSourceGeneratedMonoScriptInfo (0ms)
			ResolveRequiredComponents (0ms)
	FinalizeReload (771ms)
		ReleaseScriptCaches (0ms)
		RebuildScriptCaches (0ms)
		SetupLoadedEditorAssemblies (706ms)
			LogAssemblyErrors (0ms)
			InitializePlatformSupportModulesInManaged (503ms)
			SetLoadedEditorAssemblies (5ms)
			RefreshPlugins (0ms)
			BeforeProcessingInitializeOnLoad (3ms)
			ProcessInitializeOnLoadAttributes (145ms)
			ProcessInitializeOnLoadMethodAttributes (49ms)
			AfterProcessingInitializeOnLoad (0ms)
			EditorAssembliesLoaded (0ms)
		ExecutionOrderSort2 (0ms)
		AwakeInstancesAfterBackupRestoration (0ms)
========================================================================
Worker process is ready to serve import requests
Caller must complete domain reload
Begin MonoManager ReloadAssembly
- Loaded All Assemblies, in  0.860 seconds
Native extension for UWP target not found
Native extension for WindowsStandalone target not found
Native extension for Android target not found
Native extension for WebGL target not found
Package Manager log level set to [2]
[Package Manager] Server::EnsureServerProcessIsRunning -- launch failed, reason: Unity was launched with the -noUpm command-line argument
[Package Manager] UpmClient::Send -- Unable to send message (not connected to UPM process).
[Package Manager] Cannot connect to Unity Package Manager local server
[Package Manager] Server::EnsureServerProcessIsRunning -- launch failed, reason: Unity was launched with the -noUpm command-line argument
[Package Manager] UpmClient::Send -- Unable to send message (not connected to UPM process).
[Package Manager] Cannot connect to Unity Package Manager local server
Mono: successfully reloaded assembly
[Package Manager] Server::EnsureServerProcessIsRunning -- launch failed, reason: Unity was launched with the -noUpm command-line argument
[Package Manager] UpmClient::Send -- Unable to send message (not connected to UPM process).
[Package Manager] Cannot connect to Unity Package Manager local server
[Package Manager] Server::EnsureServerProcessIsRunning -- launch failed, reason: Unity was launched with the -noUpm command-line argument
[Package Manager] UpmClient::Send -- Unable to send message (not connected to UPM process).
[Package Manager] Cannot connect to Unity Package Manager local server
- Finished resetting the current domain, in  1.087 seconds
Domain Reload Profiling: 1941ms
	BeginReloadAssembly (195ms)
		ExecutionOrderSort (0ms)
		DisableScriptedObjects (5ms)
		BackupInstance (0ms)
		ReleaseScriptingObjects (0ms)
		CreateAndSetChildDomain (30ms)
	RebuildCommonClasses (48ms)
	RebuildNativeTypeToScriptingClass (11ms)
	initialDomainReloadingComplete (50ms)
	LoadAllAssembliesAndSetupDomain (550ms)
		LoadAssemblies (377ms)
		RebuildTransferFunctionScriptingTraits (0ms)
		AnalyzeDomain (295ms)
			TypeCache.Refresh (243ms)
				TypeCache.ScanAssembly (213ms)
			ScanForSourceGeneratedMonoScriptInfo (39ms)
			ResolveRequiredComponents (10ms)
	FinalizeReload (1088ms)
		ReleaseScriptCaches (0ms)
		RebuildScriptCaches (0ms)
		SetupLoadedEditorAssemblies (870ms)
			LogAssemblyErrors (0ms)
			InitializePlatformSupportModulesInManaged (21ms)
			SetLoadedEditorAssemblies (6ms)
			RefreshPlugins (0ms)
			BeforeProcessingInitializeOnLoad (96ms)
			ProcessInitializeOnLoadAttributes (528ms)
			ProcessInitializeOnLoadMethodAttributes (213ms)
			AfterProcessingInitializeOnLoad (6ms)
			EditorAssembliesLoaded (0ms)
		ExecutionOrderSort2 (0ms)
		AwakeInstancesAfterBackupRestoration (4ms)
Launched and connected shader compiler UnityShaderCompiler.exe after 0.06 seconds
Refreshing native plugins compatible for Editor in 15.65 ms, found 11 plugins.
Preloading 0 native plugins for Editor in 0.00 ms.
Unloading 5185 Unused Serialized files (Serialized files now loaded: 0)
Unloading 130 unused Assets / (74.5 MB). Loaded Objects now: 5633.
Memory consumption went from 217.9 MB to 143.4 MB.
Total: 8.753500 ms (FindLiveObjects: 0.378600 ms CreateObjectMapping: 0.203600 ms MarkObjects: 6.764800 ms  DeleteObjects: 1.405300 ms)

AssetImportParameters requested are different than current active one (requested -> active):
  custom:container-demuxer-ogg: 62fdf1f143b41e24485cea50d1cbac27 -> 
  custom:video-codec-MediaFoundation-h265: 746d11721c4dcdbdad8f713fa42b33f4 -> 
  custom:video-decoder-ogg-theora: a1e56fd34408186e4bbccfd4996cb3dc -> 
  custom:framework-win-MediaFoundation: 216162199b28c13a410421893ffa2e32 -> 
  custom:CustomObjectIndexerAttribute: 72b91833f83ae208fae7752999fa3104 -> 
  custom:container-demuxer-webm: 4f35f7cbe854078d1ac9338744f61a02 -> 
  custom:container-muxer-webm: aa71ff27fc2769a1b78a27578f13a17b -> 
  custom:video-decoder-webm-vp8: 9c59270c3fd7afecdb556c50c9e8de78 -> 
  custom:SearchIndexIgnoredProperties: e643bd26f0fe6173181afceb89e7c659 -> 
  custom:AudioImporter_EditorPlatform: d09bf68614088b80899f8185d706f6e7 -> 
  custom:video-encoder-webm-vp8: eb34c28f22e8b96e1ab97ce403110664 -> 
  custom:audio-decoder-ogg-vorbis: bf7c407c2cedff20999df2af8eb42d56 -> 
  custom:audio-encoder-webm-vorbis: bf7c407c2cedff20999df2af8eb42d56 -> 
========================================================================
Received Import Request.
  Time since last request: 18648.886954 seconds.
  path: Assets/Zombie/Animations/Z_Idle.anim
  artifactKey: Guid(23ee7f6864c52b243bfb4f2da09bc287) Importer(2089858483,0ecaa5967403d082aa24f35e1b516d23)
Start importing Assets/Zombie/Animations/Z_Idle.anim using Guid(23ee7f6864c52b243bfb4f2da09bc287) Importer(2089858483,0ecaa5967403d082aa24f35e1b516d23) [PhysX] Initialized MultithreadedTaskDispatcher with 32 workers.
 -> (artifact id: 'f00716dc2bd08c4c3a9503253303c88e') in 0.130151 seconds
Number of updated asset objects reloaded before import = 0
Number of asset objects unloaded after import = 1
========================================================================
Received Import Request.
  Time since last request: 0.371932 seconds.
  path: Assets/GraveyardProps/Shaders/Shader_ShadowCatch.shader
  artifactKey: Guid(b99e7490a0a3c684597acfe9acbe8ee0) Importer(2089858483,0ecaa5967403d082aa24f35e1b516d23)
Start importing Assets/GraveyardProps/Shaders/Shader_ShadowCatch.shader using Guid(b99e7490a0a3c684597acfe9acbe8ee0) Importer(2089858483,0ecaa5967403d082aa24f35e1b516d23) [PhysX] Initialized MultithreadedTaskDispatcher with 32 workers.
 -> (artifact id: 'fadbe7a4ee7537f869cb4c30c1eedb18') in 0.009477 seconds
Number of updated asset objects reloaded before import = 0
Number of asset objects unloaded after import = 1
========================================================================
Received Import Request.
  Time since last request: 0.000014 seconds.
  path: Assets/GraveyardProps/Prefabs/TombstoneType1_Bevel_2.prefab
  artifactKey: Guid(fb8eb9e307093c64a929f9b888366d64) Importer(2089858483,0ecaa5967403d082aa24f35e1b516d23)
Start importing Assets/GraveyardProps/Prefabs/TombstoneType1_Bevel_2.prefab using Guid(fb8eb9e307093c64a929f9b888366d64) Importer(2089858483,0ecaa5967403d082aa24f35e1b516d23) [PhysX] Initialized MultithreadedTaskDispatcher with 32 workers.
 -> (artifact id: 'b064b68ad1a241b3cab696968f51ca2b') in 0.033350 seconds
Number of updated asset objects reloaded before import = 0
Number of asset objects unloaded after import = 8
========================================================================
Received Import Request.
  Time since last request: 0.442144 seconds.
  path: Assets/IdiaSoftware/ZombieFreeCharacterSounds/Z1-Free/Z1-V2-Screaming-Free-1.ogg
  artifactKey: Guid(d108e9ae3908d4d479e1e41cca0188a3) Importer(2089858483,0ecaa5967403d082aa24f35e1b516d23)
Start importing Assets/IdiaSoftware/ZombieFreeCharacterSounds/Z1-Free/Z1-V2-Screaming-Free-1.ogg using Guid(d108e9ae3908d4d479e1e41cca0188a3) Importer(2089858483,0ecaa5967403d082aa24f35e1b516d23) [PhysX] Initialized MultithreadedTaskDispatcher with 32 workers.
 -> (artifact id: '3c253d35c2406df29a640b2ee6bb43a7') in 0.020688 seconds
Number of updated asset objects reloaded before import = 0
Number of asset objects unloaded after import = 1
========================================================================
Received Import Request.
  Time since last request: 0.000017 seconds.
  path: Assets/IdiaSoftware/ZombieFreeCharacterSounds/Z2-Free/Z2-V1-Attacking-Free-1.ogg
  artifactKey: Guid(24b617db03a924c4ab49c13feb18c10d) Importer(2089858483,0ecaa5967403d082aa24f35e1b516d23)
Start importing Assets/IdiaSoftware/ZombieFreeCharacterSounds/Z2-Free/Z2-V1-Attacking-Free-1.ogg using Guid(24b617db03a924c4ab49c13feb18c10d) Importer(2089858483,0ecaa5967403d082aa24f35e1b516d23) [PhysX] Initialized MultithreadedTaskDispatcher with 32 workers.
 -> (artifact id: '57c0529e316ddbb6a9ea91100da8bf10') in 0.013485 seconds
Number of updated asset objects reloaded before import = 0
Number of asset objects unloaded after import = 1
========================================================================
Received Import Request.
  Time since last request: 0.449787 seconds.
  path: Assets/IdiaSoftware/ZombieFreeCharacterSounds/Z2-Free
  artifactKey: Guid(cefc213163da2884a8481cd0c6f661fe) Importer(2089858483,0ecaa5967403d082aa24f35e1b516d23)
Start importing Assets/IdiaSoftware/ZombieFreeCharacterSounds/Z2-Free using Guid(cefc213163da2884a8481cd0c6f661fe) Importer(2089858483,0ecaa5967403d082aa24f35e1b516d23) [PhysX] Initialized MultithreadedTaskDispatcher with 32 workers.
 -> (artifact id: '8f57db00b79fc63f0014487d29ba8352') in 0.002538 seconds
Number of updated asset objects reloaded before import = 0
Number of asset objects unloaded after import = 1
========================================================================
Received Import Request.
  Time since last request: 0.000014 seconds.
  path: Assets/IdiaSoftware
  artifactKey: Guid(7dd53249cb531404ba4abe0b7d74d1a6) Importer(2089858483,0ecaa5967403d082aa24f35e1b516d23)
Start importing Assets/IdiaSoftware using Guid(7dd53249cb531404ba4abe0b7d74d1a6) Importer(2089858483,0ecaa5967403d082aa24f35e1b516d23) [PhysX] Initialized MultithreadedTaskDispatcher with 32 workers.
 -> (artifact id: '3f05c46d1ddae6233c82ab92be140935') in 0.002699 seconds
Number of updated asset objects reloaded before import = 0
Number of asset objects unloaded after import = 1
========================================================================
Received Import Request.
  Time since last request: 0.000015 seconds.
  path: Assets/IdiaSoftware/ZombieFreeCharacterSounds/Z3-Free
  artifactKey: Guid(7e832612063959d4bad7dd3726d606ec) Importer(2089858483,0ecaa5967403d082aa24f35e1b516d23)
Start importing Assets/IdiaSoftware/ZombieFreeCharacterSounds/Z3-Free using Guid(7e832612063959d4bad7dd3726d606ec) Importer(2089858483,0ecaa5967403d082aa24f35e1b516d23) [PhysX] Initialized MultithreadedTaskDispatcher with 32 workers.
 -> (artifact id: '51b9926eabcf0eeeee05af5fd561e218') in 0.002136 seconds
Number of updated asset objects reloaded before import = 0
Number of asset objects unloaded after import = 1
========================================================================
Received Import Request.
  Time since last request: 8.469710 seconds.
  path: Assets/GraveyardProps/Prefabs/TombstoneType2_Bevel_2.prefab
  artifactKey: Guid(2186e36519fcf8542bd80300d58ef876) Importer(2089858483,0ecaa5967403d082aa24f35e1b516d23)
Start importing Assets/GraveyardProps/Prefabs/TombstoneType2_Bevel_2.prefab using Guid(2186e36519fcf8542bd80300d58ef876) Importer(2089858483,0ecaa5967403d082aa24f35e1b516d23) [PhysX] Initialized MultithreadedTaskDispatcher with 32 workers.
 -> (artifact id: 'c3dcf49a210542f1dc5aebb36d7bc9cc') in 0.014832 seconds
Number of updated asset objects reloaded before import = 0
Number of asset objects unloaded after import = 8
========================================================================
Received Import Request.
  Time since last request: 0.000014 seconds.
  path: Assets/GraveyardProps/Meshes/GraveType1_Damaged_2.fbx
  artifactKey: Guid(96a424a4ba558054ebfdda55e00771ab) Importer(2089858483,0ecaa5967403d082aa24f35e1b516d23)
Start importing Assets/GraveyardProps/Meshes/GraveType1_Damaged_2.fbx using Guid(96a424a4ba558054ebfdda55e00771ab) Importer(2089858483,0ecaa5967403d082aa24f35e1b516d23) [PhysX] Initialized MultithreadedTaskDispatcher with 32 workers.
 -> (artifact id: 'd0410f424b152113dc26c6c456c77f96') in 0.023552 seconds
Number of updated asset objects reloaded before import = 0
Number of asset objects unloaded after import = 9
========================================================================
Received Import Request.
  Time since last request: 0.000147 seconds.
  path: Assets/GraveyardProps/Prefabs/GraveType1_2.prefab
  artifactKey: Guid(4921f8fd6d3150245a97e40f7c8df604) Importer(2089858483,0ecaa5967403d082aa24f35e1b516d23)
Start importing Assets/GraveyardProps/Prefabs/GraveType1_2.prefab using Guid(4921f8fd6d3150245a97e40f7c8df604) Importer(2089858483,0ecaa5967403d082aa24f35e1b516d23) [PhysX] Initialized MultithreadedTaskDispatcher with 32 workers.
 -> (artifact id: '0196526ca7daa97f13c6cccfaf864283') in 0.006846 seconds
Number of updated asset objects reloaded before import = 0
Number of asset objects unloaded after import = 8
========================================================================
Received Import Request.
  Time since last request: 0.000014 seconds.
  path: Assets/GraveyardProps/Prefabs/GraveType3_Damaged_2.prefab
  artifactKey: Guid(f6f8a84ce962cb042ad9edb3044f202d) Importer(2089858483,0ecaa5967403d082aa24f35e1b516d23)
Start importing Assets/GraveyardProps/Prefabs/GraveType3_Damaged_2.prefab using Guid(f6f8a84ce962cb042ad9edb3044f202d) Importer(2089858483,0ecaa5967403d082aa24f35e1b516d23) [PhysX] Initialized MultithreadedTaskDispatcher with 32 workers.
 -> (artifact id: 'e1a84b0bdd723063bacbfe2e2b646c76') in 0.012499 seconds
Number of updated asset objects reloaded before import = 0
Number of asset objects unloaded after import = 8
========================================================================
Received Import Request.
  Time since last request: 0.000185 seconds.
  path: Assets/GraveyardProps/Meshes/GraveType4_Damaged_2.fbx
  artifactKey: Guid(decdb37599c4683469734e937e0031c6) Importer(2089858483,0ecaa5967403d082aa24f35e1b516d23)
Start importing Assets/GraveyardProps/Meshes/GraveType4_Damaged_2.fbx using Guid(decdb37599c4683469734e937e0031c6) Importer(2089858483,0ecaa5967403d082aa24f35e1b516d23) [PhysX] Initialized MultithreadedTaskDispatcher with 32 workers.
 -> (artifact id: 'c7030a77c87294dac09ed16492f0c272') in 0.009951 seconds
Number of updated asset objects reloaded before import = 0
Number of asset objects unloaded after import = 9
========================================================================
Received Import Request.
  Time since last request: 0.000021 seconds.
  path: Assets/GraveyardProps/Prefabs/CoffinTexture_1.prefab
  artifactKey: Guid(69d0285d3e4233a42aa512a92ce6aa5c) Importer(2089858483,0ecaa5967403d082aa24f35e1b516d23)
Start importing Assets/GraveyardProps/Prefabs/CoffinTexture_1.prefab using Guid(69d0285d3e4233a42aa512a92ce6aa5c) Importer(2089858483,0ecaa5967403d082aa24f35e1b516d23) [PhysX] Initialized MultithreadedTaskDispatcher with 32 workers.
 -> (artifact id: '8f321dc6e0482ea2560893046086eea8') in 0.007127 seconds
Number of updated asset objects reloaded before import = 0
Number of asset objects unloaded after import = 8
========================================================================
Received Import Request.
  Time since last request: 0.000018 seconds.
  path: Assets/GraveyardProps/Meshes/SummoningStoneDetailed.fbx
  artifactKey: Guid(03ce185ea3194094497db8772a2637ba) Importer(2089858483,0ecaa5967403d082aa24f35e1b516d23)
Start importing Assets/GraveyardProps/Meshes/SummoningStoneDetailed.fbx using Guid(03ce185ea3194094497db8772a2637ba) Importer(2089858483,0ecaa5967403d082aa24f35e1b516d23) [PhysX] Initialized MultithreadedTaskDispatcher with 32 workers.
 -> (artifact id: '6268bec515cb14bc4e73392162795411') in 0.014795 seconds
Number of updated asset objects reloaded before import = 0
Number of asset objects unloaded after import = 9
========================================================================
Received Import Request.
  Time since last request: 0.000014 seconds.
  path: Assets/GraveyardProps/Meshes/WoodenCross_2.fbx
  artifactKey: Guid(27581f0e9d0091e46a4cae76d46725d9) Importer(2089858483,0ecaa5967403d082aa24f35e1b516d23)
Start importing Assets/GraveyardProps/Meshes/WoodenCross_2.fbx using Guid(27581f0e9d0091e46a4cae76d46725d9) Importer(2089858483,0ecaa5967403d082aa24f35e1b516d23) [PhysX] Initialized MultithreadedTaskDispatcher with 32 workers.
 -> (artifact id: 'bdb237e7329ff21cac68b26e25a4dc0c') in 0.008971 seconds
Number of updated asset objects reloaded before import = 0
Number of asset objects unloaded after import = 9
========================================================================
Received Import Request.
  Time since last request: 0.000014 seconds.
  path: Assets/GraveyardProps/Prefabs/GraveCircleCross_2.prefab
  artifactKey: Guid(592ec051d13f2bb4c904f622ab6b8367) Importer(2089858483,0ecaa5967403d082aa24f35e1b516d23)
Start importing Assets/GraveyardProps/Prefabs/GraveCircleCross_2.prefab using Guid(592ec051d13f2bb4c904f622ab6b8367) Importer(2089858483,0ecaa5967403d082aa24f35e1b516d23) [PhysX] Initialized MultithreadedTaskDispatcher with 32 workers.
 -> (artifact id: '677b981d0c95575fe51925e0f4d1cde9') in 0.005636 seconds
Number of updated asset objects reloaded before import = 0
Number of asset objects unloaded after import = 8
========================================================================
Received Import Request.
  Time since last request: 0.000013 seconds.
  path: Assets/GraveyardProps/Prefabs/TombHollow_1.prefab
  artifactKey: Guid(005d1cb2d92e75f4a858cb605ac92fe8) Importer(2089858483,0ecaa5967403d082aa24f35e1b516d23)
Start importing Assets/GraveyardProps/Prefabs/TombHollow_1.prefab using Guid(005d1cb2d92e75f4a858cb605ac92fe8) Importer(2089858483,0ecaa5967403d082aa24f35e1b516d23) [PhysX] Initialized MultithreadedTaskDispatcher with 32 workers.
 -> (artifact id: 'd9c76c4ad16c2d8e31e30c91ff92c900') in 0.005717 seconds
Number of updated asset objects reloaded before import = 0
Number of asset objects unloaded after import = 8
========================================================================
Received Import Request.
  Time since last request: 0.000011 seconds.
  path: Assets/GraveyardProps/Meshes/CoffinTexture_1.fbx
  artifactKey: Guid(6274d3d3ad5e44c4e81c3b6406b520f5) Importer(2089858483,0ecaa5967403d082aa24f35e1b516d23)
Start importing Assets/GraveyardProps/Meshes/CoffinTexture_1.fbx using Guid(6274d3d3ad5e44c4e81c3b6406b520f5) Importer(2089858483,0ecaa5967403d082aa24f35e1b516d23) [PhysX] Initialized MultithreadedTaskDispatcher with 32 workers.
 -> (artifact id: '6821cea006d726bca3f894bfea8fbfe0') in 0.020488 seconds
Number of updated asset objects reloaded before import = 0
Number of asset objects unloaded after import = 9
========================================================================
Received Import Request.
  Time since last request: 0.000020 seconds.
  path: Assets/GraveyardProps/Prefabs/TombFantasyChunk_3.prefab
  artifactKey: Guid(d0e6f4ccc0197274fb2a8addf332046f) Importer(2089858483,0ecaa5967403d082aa24f35e1b516d23)
Start importing Assets/GraveyardProps/Prefabs/TombFantasyChunk_3.prefab using Guid(d0e6f4ccc0197274fb2a8addf332046f) Importer(2089858483,0ecaa5967403d082aa24f35e1b516d23) [PhysX] Initialized MultithreadedTaskDispatcher with 32 workers.
 -> (artifact id: '0e8f248349ded75bfc11b5c70a0aeb9e') in 0.004690 seconds
Number of updated asset objects reloaded before import = 0
Number of asset objects unloaded after import = 8
========================================================================
Received Import Request.
  Time since last request: 1.748225 seconds.
  path: Assets/PolygonWestern/Materials/PolygonWestern_Material_01_A.mat
  artifactKey: Guid(66a8a6e30880caa48908020cf5388217) Importer(2089858483,0ecaa5967403d082aa24f35e1b516d23)
Start importing Assets/PolygonWestern/Materials/PolygonWestern_Material_01_A.mat using Guid(66a8a6e30880caa48908020cf5388217) Importer(2089858483,0ecaa5967403d082aa24f35e1b516d23) [PhysX] Initialized MultithreadedTaskDispatcher with 32 workers.
 -> (artifact id: 'b145d6ceed6ed9a52b11ddb39f7f3a61') in 0.097470 seconds
Number of updated asset objects reloaded before import = 0
Number of asset objects unloaded after import = 3
Editor requested this worker to shutdown with reason: Scaling down because of idle timeout
TcpMessagingSession - receive error: operation aborted. errorcode: 995, details: The I/O operation has been aborted because of either a thread exit or an application request.
AssetImportWorker is now disconnected from the server
Process exiting
Exiting without the bug reporter. Application will terminate with return code 0