Using pre-set license
Built from '2022.3/staging' branch; Version is '2022.3.46f1 (8e9b8558c41a) revision 9345925'; Using compiler version '192829333'; Build Type 'Release'
OS: 'Windows 11  (10.0.22631) 64bit Enterprise' Language: 'en' Physical Memory: 32454 MB
BatchMode: 1, IsHumanControllingUs: 0, StartBugReporterOnCrash: 0, Is64bit: 1, IsPro: 1

COMMAND LINE ARGUMENTS:
C:\Program Files\Unity\Hub\Editor\2022.3.46f1\Editor\Unity.exe
-adb2
-batchMode
-noUpm
-name
AssetImportWorker4
-projectPath
C:/Users/bsmith/My project
-logFile
Logs/AssetImportWorker4.log
-srvPort
61814
Successfully changed project path to: C:/Users/bsmith/My project
C:/Users/bsmith/My project
[UnityMemory] Configuration Parameters - Can be set up in boot.config
    "memorysetup-bucket-allocator-granularity=16"
    "memorysetup-bucket-allocator-bucket-count=8"
    "memorysetup-bucket-allocator-block-size=33554432"
    "memorysetup-bucket-allocator-block-count=8"
    "memorysetup-main-allocator-block-size=16777216"
    "memorysetup-thread-allocator-block-size=16777216"
    "memorysetup-gfx-main-allocator-block-size=16777216"
    "memorysetup-gfx-thread-allocator-block-size=16777216"
    "memorysetup-cache-allocator-block-size=4194304"
    "memorysetup-typetree-allocator-block-size=2097152"
    "memorysetup-profiler-bucket-allocator-granularity=16"
    "memorysetup-profiler-bucket-allocator-bucket-count=8"
    "memorysetup-profiler-bucket-allocator-block-size=33554432"
    "memorysetup-profiler-bucket-allocator-block-count=8"
    "memorysetup-profiler-allocator-block-size=16777216"
    "memorysetup-profiler-editor-allocator-block-size=1048576"
    "memorysetup-temp-allocator-size-main=16777216"
    "memorysetup-job-temp-allocator-block-size=2097152"
    "memorysetup-job-temp-allocator-block-size-background=1048576"
    "memorysetup-job-temp-allocator-reduction-small-platforms=262144"
    "memorysetup-allocator-temp-initial-block-size-main=262144"
    "memorysetup-allocator-temp-initial-block-size-worker=262144"
    "memorysetup-temp-allocator-size-background-worker=32768"
    "memorysetup-temp-allocator-size-job-worker=262144"
    "memorysetup-temp-allocator-size-preload-manager=33554432"
    "memorysetup-temp-allocator-size-nav-mesh-worker=65536"
    "memorysetup-temp-allocator-size-audio-worker=65536"
    "memorysetup-temp-allocator-size-cloud-worker=32768"
    "memorysetup-temp-allocator-size-gi-baking-worker=262144"
    "memorysetup-temp-allocator-size-gfx=262144"
Player connection [28548]  Target information:

Player connection [28548]  * "[IP] 10.4.159.153 [Port] 0 [Flags] 2 [Guid] 2663484686 [EditorId] 2663484686 [Version] 1048832 [Id] WindowsEditor(7,A23817) [Debug] 1 [PackageName] WindowsEditor [ProjectName] Editor" 

Player connection [28548] Host joined multi-casting on [225.0.0.222:54997]...
Player connection [28548] Host joined alternative multi-casting on [225.0.0.222:34997]...
[PhysX] Initialized MultithreadedTaskDispatcher with 32 workers.
Refreshing native plugins compatible for Editor in 11.24 ms, found 11 plugins.
Preloading 0 native plugins for Editor in 0.00 ms.
Initialize engine version: 2022.3.46f1 (8e9b8558c41a)
[Subsystems] Discovering subsystems at path C:/Program Files/Unity/Hub/Editor/2022.3.46f1/Editor/Data/Resources/UnitySubsystems
[Subsystems] Discovering subsystems at path C:/Users/bsmith/My project/Assets
GfxDevice: creating device client; threaded=0; jobified=0
Direct3D:
    Version:  Direct3D 11.0 [level 11.1]
    Renderer: NVIDIA RTX 4000 Ada Generation (ID=0x27b2)
    Vendor:   NVIDIA
    VRAM:     20172 MB
    Driver:   32.0.15.5612
Initialize mono
Mono path[0] = 'C:/Program Files/Unity/Hub/Editor/2022.3.46f1/Editor/Data/Managed'
Mono path[1] = 'C:/Program Files/Unity/Hub/Editor/2022.3.46f1/Editor/Data/MonoBleedingEdge/lib/mono/unityjit-win32'
Mono config path = 'C:/Program Files/Unity/Hub/Editor/2022.3.46f1/Editor/Data/MonoBleedingEdge/etc'
Using monoOptions --debugger-agent=transport=dt_socket,embedding=1,server=y,suspend=n,address=127.0.0.1:56956
Begin MonoManager ReloadAssembly
Registering precompiled unity dll's ...
Register platform support module: C:/Program Files/Unity/Hub/Editor/2022.3.46f1/Editor/Data/PlaybackEngines/WebGLSupport/UnityEditor.WebGL.Extensions.dll
Register platform support module: C:/Program Files/Unity/Hub/Editor/2022.3.46f1/Editor/Data/PlaybackEngines/AndroidPlayer/UnityEditor.Android.Extensions.dll
Register platform support module: C:/Program Files/Unity/Hub/Editor/2022.3.46f1/Editor/Data/PlaybackEngines/WindowsStandaloneSupport/UnityEditor.WindowsStandalone.Extensions.dll
Register platform support module: C:/Program Files/Unity/Hub/Editor/2022.3.46f1/Editor/Data/PlaybackEngines/MetroSupport/UnityEditor.UWP.Extensions.dll
Registered in 0.004856 seconds.
- Loaded All Assemblies, in  0.246 seconds
Native extension for UWP target not found
Native extension for WindowsStandalone target not found
Native extension for Android target not found
Android Extension - Scanning For ADB Devices 291 ms
Native extension for WebGL target not found
Mono: successfully reloaded assembly
- Finished resetting the current domain, in  0.484 seconds
Domain Reload Profiling: 729ms
	BeginReloadAssembly (79ms)
		ExecutionOrderSort (0ms)
		DisableScriptedObjects (0ms)
		BackupInstance (0ms)
		ReleaseScriptingObjects (0ms)
		CreateAndSetChildDomain (1ms)
	RebuildCommonClasses (19ms)
	RebuildNativeTypeToScriptingClass (6ms)
	initialDomainReloadingComplete (37ms)
	LoadAllAssembliesAndSetupDomain (104ms)
		LoadAssemblies (78ms)
		RebuildTransferFunctionScriptingTraits (0ms)
		AnalyzeDomain (102ms)
			TypeCache.Refresh (101ms)
				TypeCache.ScanAssembly (91ms)
			ScanForSourceGeneratedMonoScriptInfo (0ms)
			ResolveRequiredComponents (0ms)
	FinalizeReload (484ms)
		ReleaseScriptCaches (0ms)
		RebuildScriptCaches (0ms)
		SetupLoadedEditorAssemblies (456ms)
			LogAssemblyErrors (0ms)
			InitializePlatformSupportModulesInManaged (363ms)
			SetLoadedEditorAssemblies (2ms)
			RefreshPlugins (0ms)
			BeforeProcessingInitializeOnLoad (1ms)
			ProcessInitializeOnLoadAttributes (62ms)
			ProcessInitializeOnLoadMethodAttributes (29ms)
			AfterProcessingInitializeOnLoad (0ms)
			EditorAssembliesLoaded (0ms)
		ExecutionOrderSort2 (0ms)
		AwakeInstancesAfterBackupRestoration (0ms)
========================================================================
Worker process is ready to serve import requests
Caller must complete domain reload
Begin MonoManager ReloadAssembly
- Loaded All Assemblies, in  0.467 seconds
Native extension for UWP target not found
Native extension for WindowsStandalone target not found
Native extension for Android target not found
Native extension for WebGL target not found
Package Manager log level set to [2]
[Package Manager] Server::EnsureServerProcessIsRunning -- launch failed, reason: Unity was launched with the -noUpm command-line argument
[Package Manager] UpmClient::Send -- Unable to send message (not connected to UPM process).
[Package Manager] Cannot connect to Unity Package Manager local server
[Package Manager] Server::EnsureServerProcessIsRunning -- launch failed, reason: Unity was launched with the -noUpm command-line argument
[Package Manager] UpmClient::Send -- Unable to send message (not connected to UPM process).
[Package Manager] Cannot connect to Unity Package Manager local server
Mono: successfully reloaded assembly
[Package Manager] Server::EnsureServerProcessIsRunning -- launch failed, reason: Unity was launched with the -noUpm command-line argument
[Package Manager] UpmClient::Send -- Unable to send message (not connected to UPM process).
[Package Manager] Cannot connect to Unity Package Manager local server
[Package Manager] Server::EnsureServerProcessIsRunning -- launch failed, reason: Unity was launched with the -noUpm command-line argument
[Package Manager] UpmClient::Send -- Unable to send message (not connected to UPM process).
[Package Manager] Cannot connect to Unity Package Manager local server
- Finished resetting the current domain, in  0.655 seconds
Domain Reload Profiling: 1120ms
	BeginReloadAssembly (96ms)
		ExecutionOrderSort (0ms)
		DisableScriptedObjects (5ms)
		BackupInstance (0ms)
		ReleaseScriptingObjects (0ms)
		CreateAndSetChildDomain (15ms)
	RebuildCommonClasses (19ms)
	RebuildNativeTypeToScriptingClass (6ms)
	initialDomainReloadingComplete (22ms)
	LoadAllAssembliesAndSetupDomain (322ms)
		LoadAssemblies (192ms)
		RebuildTransferFunctionScriptingTraits (0ms)
		AnalyzeDomain (185ms)
			TypeCache.Refresh (152ms)
				TypeCache.ScanAssembly (136ms)
			ScanForSourceGeneratedMonoScriptInfo (19ms)
			ResolveRequiredComponents (12ms)
	FinalizeReload (655ms)
		ReleaseScriptCaches (0ms)
		RebuildScriptCaches (0ms)
		SetupLoadedEditorAssemblies (513ms)
			LogAssemblyErrors (0ms)
			InitializePlatformSupportModulesInManaged (15ms)
			SetLoadedEditorAssemblies (2ms)
			RefreshPlugins (0ms)
			BeforeProcessingInitializeOnLoad (51ms)
			ProcessInitializeOnLoadAttributes (333ms)
			ProcessInitializeOnLoadMethodAttributes (107ms)
			AfterProcessingInitializeOnLoad (5ms)
			EditorAssembliesLoaded (0ms)
		ExecutionOrderSort2 (0ms)
		AwakeInstancesAfterBackupRestoration (5ms)
Launched and connected shader compiler UnityShaderCompiler.exe after 0.04 seconds
Refreshing native plugins compatible for Editor in 10.92 ms, found 11 plugins.
Preloading 0 native plugins for Editor in 0.00 ms.
Unloading 5182 Unused Serialized files (Serialized files now loaded: 0)
Unloading 130 unused Assets / (3.1 MB). Loaded Objects now: 5630.
Memory consumption went from 216.2 MB to 213.1 MB.
Total: 6.009600 ms (FindLiveObjects: 0.385100 ms CreateObjectMapping: 0.226300 ms MarkObjects: 3.893200 ms  DeleteObjects: 1.503800 ms)

AssetImportParameters requested are different than current active one (requested -> active):
  custom:container-demuxer-ogg: 62fdf1f143b41e24485cea50d1cbac27 -> 
  custom:video-codec-MediaFoundation-h265: 746d11721c4dcdbdad8f713fa42b33f4 -> 
  custom:video-decoder-ogg-theora: a1e56fd34408186e4bbccfd4996cb3dc -> 
  custom:framework-win-MediaFoundation: 216162199b28c13a410421893ffa2e32 -> 
  custom:CustomObjectIndexerAttribute: 72b91833f83ae208fae7752999fa3104 -> 
  custom:container-demuxer-webm: 4f35f7cbe854078d1ac9338744f61a02 -> 
  custom:container-muxer-webm: aa71ff27fc2769a1b78a27578f13a17b -> 
  custom:video-decoder-webm-vp8: 9c59270c3fd7afecdb556c50c9e8de78 -> 
  custom:SearchIndexIgnoredProperties: e643bd26f0fe6173181afceb89e7c659 -> 
  custom:AudioImporter_EditorPlatform: d09bf68614088b80899f8185d706f6e7 -> 
  custom:video-encoder-webm-vp8: eb34c28f22e8b96e1ab97ce403110664 -> 
  custom:audio-decoder-ogg-vorbis: bf7c407c2cedff20999df2af8eb42d56 -> 
  custom:audio-encoder-webm-vorbis: bf7c407c2cedff20999df2af8eb42d56 -> 
========================================================================
Received Import Request.
  Time since last request: 25783.704516 seconds.
  path: Assets/PolygonWestern/Models/SM_Prop_Barrel_Broken_03.fbx
  artifactKey: Guid(1d9b3b36c7ab99f45b0ec6e75a68bf61) Importer(2089858483,0ecaa5967403d082aa24f35e1b516d23)
Start importing Assets/PolygonWestern/Models/SM_Prop_Barrel_Broken_03.fbx using Guid(1d9b3b36c7ab99f45b0ec6e75a68bf61) Importer(2089858483,0ecaa5967403d082aa24f35e1b516d23) [PhysX] Initialized MultithreadedTaskDispatcher with 32 workers.
 -> (artifact id: 'd690f55b33399c52efa5af1a410dafd9') in 0.216910 seconds
Number of updated asset objects reloaded before import = 0
Number of asset objects unloaded after import = 7
========================================================================
Received Import Request.
  Time since last request: 0.000020 seconds.
  path: Assets/PolygonWestern/Prefabs/Environments/SM_Env_Butte_03.prefab
  artifactKey: Guid(e9160d8c8aa651f4bb529af79d3df5b3) Importer(2089858483,0ecaa5967403d082aa24f35e1b516d23)
Start importing Assets/PolygonWestern/Prefabs/Environments/SM_Env_Butte_03.prefab using Guid(e9160d8c8aa651f4bb529af79d3df5b3) Importer(2089858483,0ecaa5967403d082aa24f35e1b516d23) [PhysX] Initialized MultithreadedTaskDispatcher with 32 workers.
 -> (artifact id: 'd60b9f67a60f1c77bc66fbc5dc79b3fd') in 0.009064 seconds
Number of updated asset objects reloaded before import = 0
Number of asset objects unloaded after import = 9
========================================================================
Received Import Request.
  Time since last request: 0.000019 seconds.
  path: Assets/PolygonWestern/Prefabs/Environments/SM_Env_Rocks_02.prefab
  artifactKey: Guid(610309a373c4b7f46b12627b75a32511) Importer(2089858483,0ecaa5967403d082aa24f35e1b516d23)
Start importing Assets/PolygonWestern/Prefabs/Environments/SM_Env_Rocks_02.prefab using Guid(610309a373c4b7f46b12627b75a32511) Importer(2089858483,0ecaa5967403d082aa24f35e1b516d23) [PhysX] Initialized MultithreadedTaskDispatcher with 32 workers.
 -> (artifact id: '9761928d0404e0092bb62c8f1cccc2f9') in 0.004968 seconds
Number of updated asset objects reloaded before import = 0
Number of asset objects unloaded after import = 7
========================================================================
Received Import Request.
  Time since last request: 0.000017 seconds.
  path: Assets/PolygonWestern/Models/CollisionConvex/SM_Prop_Bottle_Broken_01_Convex.asset
  artifactKey: Guid(3b7b602330d56fa4a8c72587850bd783) Importer(2089858483,0ecaa5967403d082aa24f35e1b516d23)
Start importing Assets/PolygonWestern/Models/CollisionConvex/SM_Prop_Bottle_Broken_01_Convex.asset using Guid(3b7b602330d56fa4a8c72587850bd783) Importer(2089858483,0ecaa5967403d082aa24f35e1b516d23) [PhysX] Initialized MultithreadedTaskDispatcher with 32 workers.
 -> (artifact id: 'a698fd283479ac94e67a088803b52097') in 0.004342 seconds
Number of updated asset objects reloaded before import = 0
Number of asset objects unloaded after import = 1
========================================================================
Received Import Request.
  Time since last request: 0.000017 seconds.
  path: Assets/PolygonWestern/Prefabs/Buildings/SM_Bld_Sign_07.prefab
  artifactKey: Guid(83a3f332d4b3e0245b9283e277e4ddec) Importer(2089858483,0ecaa5967403d082aa24f35e1b516d23)
Start importing Assets/PolygonWestern/Prefabs/Buildings/SM_Bld_Sign_07.prefab using Guid(83a3f332d4b3e0245b9283e277e4ddec) Importer(2089858483,0ecaa5967403d082aa24f35e1b516d23) [PhysX] Initialized MultithreadedTaskDispatcher with 32 workers.
 -> (artifact id: 'd66c4f5af944f50d1a30d94ebe969430') in 0.006669 seconds
Number of updated asset objects reloaded before import = 0
Number of asset objects unloaded after import = 8
========================================================================
Received Import Request.
  Time since last request: 0.000013 seconds.
  path: Assets/PolygonWestern/Models/SM_Prop_Basket_01.fbx
  artifactKey: Guid(b91c5de4868cbd540ba9bc2179f8da2d) Importer(2089858483,0ecaa5967403d082aa24f35e1b516d23)
Start importing Assets/PolygonWestern/Models/SM_Prop_Basket_01.fbx using Guid(b91c5de4868cbd540ba9bc2179f8da2d) Importer(2089858483,0ecaa5967403d082aa24f35e1b516d23) [PhysX] Initialized MultithreadedTaskDispatcher with 32 workers.
 -> (artifact id: '90f9d9e1764cf9566d1c16177b195aab') in 0.012048 seconds
Number of updated asset objects reloaded before import = 0
Number of asset objects unloaded after import = 7
========================================================================
Received Import Request.
  Time since last request: 0.000015 seconds.
  path: Assets/PolygonWestern/Models/SM_Prop_Tin_03.fbx
  artifactKey: Guid(99d74cc1ecd1f8042975979b7f8023ee) Importer(2089858483,0ecaa5967403d082aa24f35e1b516d23)
Start importing Assets/PolygonWestern/Models/SM_Prop_Tin_03.fbx using Guid(99d74cc1ecd1f8042975979b7f8023ee) Importer(2089858483,0ecaa5967403d082aa24f35e1b516d23) [PhysX] Initialized MultithreadedTaskDispatcher with 32 workers.
 -> (artifact id: '971852a4bafbd52ca2b10ff6bcee1395') in 0.007063 seconds
Number of updated asset objects reloaded before import = 0
Number of asset objects unloaded after import = 7
========================================================================
Received Import Request.
  Time since last request: 0.000014 seconds.
  path: Assets/PolygonWestern/Models/CollisionConvex/SM_Prop_CartWheel_01_Convex.asset
  artifactKey: Guid(e8c1bf9dffa012043a542de433a760ad) Importer(2089858483,0ecaa5967403d082aa24f35e1b516d23)
Start importing Assets/PolygonWestern/Models/CollisionConvex/SM_Prop_CartWheel_01_Convex.asset using Guid(e8c1bf9dffa012043a542de433a760ad) Importer(2089858483,0ecaa5967403d082aa24f35e1b516d23) [PhysX] Initialized MultithreadedTaskDispatcher with 32 workers.
 -> (artifact id: 'fbb89006e5ea28ffa51683b82223ceff') in 0.003877 seconds
Number of updated asset objects reloaded before import = 0
Number of asset objects unloaded after import = 1
========================================================================
Received Import Request.
  Time since last request: 0.000013 seconds.
  path: Assets/PolygonWestern/Models/CollisionConvex/SM_Prop_Chair_01_Convex.asset
  artifactKey: Guid(810a3dcc2c2388e4aa99712304a0dc87) Importer(2089858483,0ecaa5967403d082aa24f35e1b516d23)
Start importing Assets/PolygonWestern/Models/CollisionConvex/SM_Prop_Chair_01_Convex.asset using Guid(810a3dcc2c2388e4aa99712304a0dc87) Importer(2089858483,0ecaa5967403d082aa24f35e1b516d23) [PhysX] Initialized MultithreadedTaskDispatcher with 32 workers.
 -> (artifact id: 'da101e249345c5942aa34c1fe7b311f6') in 0.003281 seconds
Number of updated asset objects reloaded before import = 0
Number of asset objects unloaded after import = 1
========================================================================
Received Import Request.
  Time since last request: 0.000021 seconds.
  path: Assets/PolygonWestern/Models/SM_Env_TreeDead_03.fbx
  artifactKey: Guid(b614b230b054f02459b35c19b2c089ca) Importer(2089858483,0ecaa5967403d082aa24f35e1b516d23)
Start importing Assets/PolygonWestern/Models/SM_Env_TreeDead_03.fbx using Guid(b614b230b054f02459b35c19b2c089ca) Importer(2089858483,0ecaa5967403d082aa24f35e1b516d23) [PhysX] Initialized MultithreadedTaskDispatcher with 32 workers.
 -> (artifact id: 'd162c34a2e4b5198a46a4a13bd25e0ec') in 0.006594 seconds
Number of updated asset objects reloaded before import = 0
Number of asset objects unloaded after import = 7
========================================================================
Received Import Request.
  Time since last request: 0.000015 seconds.
  path: Assets/PolygonWestern/Prefabs/Props/SM_Prop_Bed_01.prefab
  artifactKey: Guid(1857dd50a33efbe4fae87bacee42c560) Importer(2089858483,0ecaa5967403d082aa24f35e1b516d23)
Start importing Assets/PolygonWestern/Prefabs/Props/SM_Prop_Bed_01.prefab using Guid(1857dd50a33efbe4fae87bacee42c560) Importer(2089858483,0ecaa5967403d082aa24f35e1b516d23) [PhysX] Initialized MultithreadedTaskDispatcher with 32 workers.
 -> (artifact id: 'a18c7b9843197182f55b3e29a5d6d6de') in 0.006342 seconds
Number of updated asset objects reloaded before import = 0
Number of asset objects unloaded after import = 11
========================================================================
Received Import Request.
  Time since last request: 0.110952 seconds.
  path: Assets/PolygonWestern/Models/CollisionConvex/SM_Prop_Gallows_01_Convex.asset
  artifactKey: Guid(a16d1b3e969978e4884da54c085e1653) Importer(2089858483,0ecaa5967403d082aa24f35e1b516d23)
Start importing Assets/PolygonWestern/Models/CollisionConvex/SM_Prop_Gallows_01_Convex.asset using Guid(a16d1b3e969978e4884da54c085e1653) Importer(2089858483,0ecaa5967403d082aa24f35e1b516d23) [PhysX] Initialized MultithreadedTaskDispatcher with 32 workers.
 -> (artifact id: '067b890fe3eb9001051e7b4e7f5a6d36') in 0.008784 seconds
Number of updated asset objects reloaded before import = 0
Number of asset objects unloaded after import = 1
========================================================================
Received Import Request.
  Time since last request: 0.000016 seconds.
  path: Assets/PolygonWestern/Models/CollisionConvex/SM_Prop_Sack_01_Convex.asset
  artifactKey: Guid(dae66344bbc7fba4faa0914ab01cdee7) Importer(2089858483,0ecaa5967403d082aa24f35e1b516d23)
Start importing Assets/PolygonWestern/Models/CollisionConvex/SM_Prop_Sack_01_Convex.asset using Guid(dae66344bbc7fba4faa0914ab01cdee7) Importer(2089858483,0ecaa5967403d082aa24f35e1b516d23) [PhysX] Initialized MultithreadedTaskDispatcher with 32 workers.
 -> (artifact id: 'adf4da9a836cb6010d68719ab19a0414') in 0.003326 seconds
Number of updated asset objects reloaded before import = 0
Number of asset objects unloaded after import = 1
========================================================================
Received Import Request.
  Time since last request: 0.000013 seconds.
  path: Assets/PolygonWestern/Models/CollisionConvex/SM_Prop_Stick_Bundle_01_Convex.asset
  artifactKey: Guid(c2e547ce6f94e354ab4a10a2947cba9b) Importer(2089858483,0ecaa5967403d082aa24f35e1b516d23)
Start importing Assets/PolygonWestern/Models/CollisionConvex/SM_Prop_Stick_Bundle_01_Convex.asset using Guid(c2e547ce6f94e354ab4a10a2947cba9b) Importer(2089858483,0ecaa5967403d082aa24f35e1b516d23) [PhysX] Initialized MultithreadedTaskDispatcher with 32 workers.
 -> (artifact id: '2e5953c58ab8804ffd6c4304a00c879f') in 0.003649 seconds
Number of updated asset objects reloaded before import = 0
Number of asset objects unloaded after import = 1
========================================================================
Received Import Request.
  Time since last request: 0.000013 seconds.
  path: Assets/PolygonWestern/Models/SM_Env_Cliff_Pillar_01.fbx
  artifactKey: Guid(64ab0039246d10443990ed6caaa70c6e) Importer(2089858483,0ecaa5967403d082aa24f35e1b516d23)
Start importing Assets/PolygonWestern/Models/SM_Env_Cliff_Pillar_01.fbx using Guid(64ab0039246d10443990ed6caaa70c6e) Importer(2089858483,0ecaa5967403d082aa24f35e1b516d23) [PhysX] Initialized MultithreadedTaskDispatcher with 32 workers.
 -> (artifact id: '030db46acee142a78feae434ea784e0c') in 0.007386 seconds
Number of updated asset objects reloaded before import = 0
Number of asset objects unloaded after import = 7
========================================================================
Received Import Request.
  Time since last request: 0.000018 seconds.
  path: Assets/PolygonWestern/Models/SM_Prop_Bed_01.fbx
  artifactKey: Guid(9ccf0a1979e92e545b657142086c8746) Importer(2089858483,0ecaa5967403d082aa24f35e1b516d23)
Start importing Assets/PolygonWestern/Models/SM_Prop_Bed_01.fbx using Guid(9ccf0a1979e92e545b657142086c8746) Importer(2089858483,0ecaa5967403d082aa24f35e1b516d23) [PhysX] Initialized MultithreadedTaskDispatcher with 32 workers.
 -> (artifact id: '2ff16344cdb2971e39e2b956777490eb') in 0.006736 seconds
Number of updated asset objects reloaded before import = 0
Number of asset objects unloaded after import = 7
========================================================================
Received Import Request.
  Time since last request: 0.000013 seconds.
  path: Assets/PolygonWestern/Models/SM_Prop_Bush_01.fbx
  artifactKey: Guid(6cf691ae2895e3a40be9d562efab8295) Importer(2089858483,0ecaa5967403d082aa24f35e1b516d23)
Start importing Assets/PolygonWestern/Models/SM_Prop_Bush_01.fbx using Guid(6cf691ae2895e3a40be9d562efab8295) Importer(2089858483,0ecaa5967403d082aa24f35e1b516d23) [PhysX] Initialized MultithreadedTaskDispatcher with 32 workers.
 -> (artifact id: 'da46505c0d5812948b5fd4b6f911320f') in 0.005997 seconds
Number of updated asset objects reloaded before import = 0
Number of asset objects unloaded after import = 7
========================================================================
Received Import Request.
  Time since last request: 0.000017 seconds.
  path: Assets/PolygonWestern/Prefabs/Environments/SM_Env_Sand_Ground_02.prefab
  artifactKey: Guid(ffa07e3583b855246941e709137f6eea) Importer(2089858483,0ecaa5967403d082aa24f35e1b516d23)
Start importing Assets/PolygonWestern/Prefabs/Environments/SM_Env_Sand_Ground_02.prefab using Guid(ffa07e3583b855246941e709137f6eea) Importer(2089858483,0ecaa5967403d082aa24f35e1b516d23) [PhysX] Initialized MultithreadedTaskDispatcher with 32 workers.
 -> (artifact id: '725c78efec678da586c327fb70f34fc5') in 0.015436 seconds
Number of updated asset objects reloaded before import = 0
Number of asset objects unloaded after import = 8
========================================================================
Received Import Request.
  Time since last request: 0.000019 seconds.
  path: Assets/PolygonWestern/Prefabs/Buildings/SM_Bld_Sign_11.prefab
  artifactKey: Guid(8f13f87c0d441ef45af03b503114f42c) Importer(2089858483,0ecaa5967403d082aa24f35e1b516d23)
Start importing Assets/PolygonWestern/Prefabs/Buildings/SM_Bld_Sign_11.prefab using Guid(8f13f87c0d441ef45af03b503114f42c) Importer(2089858483,0ecaa5967403d082aa24f35e1b516d23) [PhysX] Initialized MultithreadedTaskDispatcher with 32 workers.
 -> (artifact id: 'd6e9dd6af8df540e6ae5bd98d37ccd05') in 0.006242 seconds
Number of updated asset objects reloaded before import = 0
Number of asset objects unloaded after import = 8
========================================================================
Received Import Request.
  Time since last request: 0.000018 seconds.
  path: Assets/PolygonWestern/Models/SM_Prop_WaterTrough_01.fbx
  artifactKey: Guid(4a17ba37dd757bf4d8446aad4ef40659) Importer(2089858483,0ecaa5967403d082aa24f35e1b516d23)
Start importing Assets/PolygonWestern/Models/SM_Prop_WaterTrough_01.fbx using Guid(4a17ba37dd757bf4d8446aad4ef40659) Importer(2089858483,0ecaa5967403d082aa24f35e1b516d23) [PhysX] Initialized MultithreadedTaskDispatcher with 32 workers.
 -> (artifact id: 'a45852c211b76db21593a5dcdaaf3e09') in 0.010246 seconds
Number of updated asset objects reloaded before import = 0
Number of asset objects unloaded after import = 12
========================================================================
Received Import Request.
  Time since last request: 0.000015 seconds.
  path: Assets/PolygonWestern/Prefabs/Buildings/SM_Bld_Outhouse_01.prefab
  artifactKey: Guid(1ee2b0883bad31c4799d693805e2d3fd) Importer(2089858483,0ecaa5967403d082aa24f35e1b516d23)
Start importing Assets/PolygonWestern/Prefabs/Buildings/SM_Bld_Outhouse_01.prefab using Guid(1ee2b0883bad31c4799d693805e2d3fd) Importer(2089858483,0ecaa5967403d082aa24f35e1b516d23) [PhysX] Initialized MultithreadedTaskDispatcher with 32 workers.
 -> (artifact id: '5a74cfc21dd67f633250340b65f8e367') in 0.006648 seconds
Number of updated asset objects reloaded before import = 0
Number of asset objects unloaded after import = 15
========================================================================
Received Import Request.
  Time since last request: 0.000019 seconds.
  path: Assets/PolygonWestern/Models/CollisionConvex/SM_Prop_Suitcase_02_Convex 1.asset
  artifactKey: Guid(f3f45ac6b86ef0a46aac35cab720ae1d) Importer(2089858483,0ecaa5967403d082aa24f35e1b516d23)
Start importing Assets/PolygonWestern/Models/CollisionConvex/SM_Prop_Suitcase_02_Convex 1.asset using Guid(f3f45ac6b86ef0a46aac35cab720ae1d) Importer(2089858483,0ecaa5967403d082aa24f35e1b516d23) [PhysX] Initialized MultithreadedTaskDispatcher with 32 workers.
 -> (artifact id: 'b637d511cc845b3e0a008543f9d77f43') in 0.003603 seconds
Number of updated asset objects reloaded before import = 0
Number of asset objects unloaded after import = 1
========================================================================
Received Import Request.
  Time since last request: 0.000016 seconds.
  path: Assets/PolygonWestern/Models/CollisionConvex/SM_Prop_Basket_03_Convex 1.asset
  artifactKey: Guid(889d4207cd51f794ea3025cc264a1574) Importer(2089858483,0ecaa5967403d082aa24f35e1b516d23)
Start importing Assets/PolygonWestern/Models/CollisionConvex/SM_Prop_Basket_03_Convex 1.asset using Guid(889d4207cd51f794ea3025cc264a1574) Importer(2089858483,0ecaa5967403d082aa24f35e1b516d23) [PhysX] Initialized MultithreadedTaskDispatcher with 32 workers.
 -> (artifact id: '8bc1520e033a3cee38f8c265e8e4ccbf') in 0.004019 seconds
Number of updated asset objects reloaded before import = 0
Number of asset objects unloaded after import = 1
========================================================================
Received Import Request.
  Time since last request: 0.000013 seconds.
  path: Assets/PolygonWestern/Prefabs/Props/SM_Prop_Bottle_Broken_04.prefab
  artifactKey: Guid(7aa3b5b86753c6b41b8545e1743a3f13) Importer(2089858483,0ecaa5967403d082aa24f35e1b516d23)
Start importing Assets/PolygonWestern/Prefabs/Props/SM_Prop_Bottle_Broken_04.prefab using Guid(7aa3b5b86753c6b41b8545e1743a3f13) Importer(2089858483,0ecaa5967403d082aa24f35e1b516d23) [PhysX] Initialized MultithreadedTaskDispatcher with 32 workers.
 -> (artifact id: 'b6be02805be4dd75ddef95e98144fc8e') in 0.011574 seconds
Number of updated asset objects reloaded before import = 0
Number of asset objects unloaded after import = 9
========================================================================
Received Import Request.
  Time since last request: 0.000017 seconds.
  path: Assets/PolygonWestern/Models/CollisionConvex/SM_Env_Rocks_01_Convex.asset
  artifactKey: Guid(d91c2f25421aa304ca7b9b8bb5bc84bd) Importer(2089858483,0ecaa5967403d082aa24f35e1b516d23)
Start importing Assets/PolygonWestern/Models/CollisionConvex/SM_Env_Rocks_01_Convex.asset using Guid(d91c2f25421aa304ca7b9b8bb5bc84bd) Importer(2089858483,0ecaa5967403d082aa24f35e1b516d23) [PhysX] Initialized MultithreadedTaskDispatcher with 32 workers.
 -> (artifact id: 'b9a24c4de4a7c6f5b93d5b41b24326ca') in 0.002926 seconds
Number of updated asset objects reloaded before import = 0
Number of asset objects unloaded after import = 1
========================================================================
Received Import Request.
  Time since last request: 0.000023 seconds.
  path: Assets/PolygonWestern/Models/Colliders/SM_Bld_Double_Balcony_Stairs_01_Collision.fbx
  artifactKey: Guid(d337e161b5a411c42aea9008d77785d2) Importer(2089858483,0ecaa5967403d082aa24f35e1b516d23)
Start importing Assets/PolygonWestern/Models/Colliders/SM_Bld_Double_Balcony_Stairs_01_Collision.fbx using Guid(d337e161b5a411c42aea9008d77785d2) Importer(2089858483,0ecaa5967403d082aa24f35e1b516d23) [PhysX] Initialized MultithreadedTaskDispatcher with 32 workers.
 -> (artifact id: 'f360a948e99865939fec39d6b042e604') in 0.006441 seconds
Number of updated asset objects reloaded before import = 0
Number of asset objects unloaded after import = 7
========================================================================
Received Import Request.
  Time since last request: 0.000015 seconds.
  path: Assets/PolygonWestern/Models/SM_Env_Grass_01.fbx
  artifactKey: Guid(98f5ac8e5e72fe5409682c2cae104327) Importer(2089858483,0ecaa5967403d082aa24f35e1b516d23)
Start importing Assets/PolygonWestern/Models/SM_Env_Grass_01.fbx using Guid(98f5ac8e5e72fe5409682c2cae104327) Importer(2089858483,0ecaa5967403d082aa24f35e1b516d23) [PhysX] Initialized MultithreadedTaskDispatcher with 32 workers.
 -> (artifact id: '01718f12ad4179575389641c366b356c') in 0.005965 seconds
Number of updated asset objects reloaded before import = 0
Number of asset objects unloaded after import = 7
========================================================================
Received Import Request.
  Time since last request: 0.000034 seconds.
  path: Assets/PolygonWestern/Models/SM_Env_Cliff_Cap_01.fbx
  artifactKey: Guid(585bb6ce4d8140d4aa2a371d45351367) Importer(2089858483,0ecaa5967403d082aa24f35e1b516d23)
Start importing Assets/PolygonWestern/Models/SM_Env_Cliff_Cap_01.fbx using Guid(585bb6ce4d8140d4aa2a371d45351367) Importer(2089858483,0ecaa5967403d082aa24f35e1b516d23) [PhysX] Initialized MultithreadedTaskDispatcher with 32 workers.
 -> (artifact id: '0c09956a17c07d657982eb2e216eb3f5') in 0.006787 seconds
Number of updated asset objects reloaded before import = 0
Number of asset objects unloaded after import = 7
========================================================================
Received Import Request.
  Time since last request: 0.000019 seconds.
  path: Assets/PolygonWestern/Prefabs/Props/SM_Prop_Church_Pew_01.prefab
  artifactKey: Guid(2bd0f02057b18a54b89fc047ec604767) Importer(2089858483,0ecaa5967403d082aa24f35e1b516d23)
Start importing Assets/PolygonWestern/Prefabs/Props/SM_Prop_Church_Pew_01.prefab using Guid(2bd0f02057b18a54b89fc047ec604767) Importer(2089858483,0ecaa5967403d082aa24f35e1b516d23) [PhysX] Initialized MultithreadedTaskDispatcher with 32 workers.
 -> (artifact id: 'b4ad61fe13a8155f07e1101992c2bd5f') in 0.019935 seconds
Number of updated asset objects reloaded before import = 0
Number of asset objects unloaded after import = 15
========================================================================
Received Import Request.
  Time since last request: 0.000016 seconds.
  path: Assets/PolygonWestern/Prefabs/Props/SM_Prop_Ladder_01.prefab
  artifactKey: Guid(77c71902fab40354db75b533794d3b4b) Importer(2089858483,0ecaa5967403d082aa24f35e1b516d23)
Start importing Assets/PolygonWestern/Prefabs/Props/SM_Prop_Ladder_01.prefab using Guid(77c71902fab40354db75b533794d3b4b) Importer(2089858483,0ecaa5967403d082aa24f35e1b516d23) [PhysX] Initialized MultithreadedTaskDispatcher with 32 workers.
 -> (artifact id: '5107b50efe54384a9db60d6d79d94bda') in 0.006807 seconds
Number of updated asset objects reloaded before import = 0
Number of asset objects unloaded after import = 9
========================================================================
Received Import Request.
  Time since last request: 0.000014 seconds.
  path: Assets/PolygonWestern/Models/SM_Bld_Sign_09.fbx
  artifactKey: Guid(23b3dfe69b2cf824fb49b84fdb87f2df) Importer(2089858483,0ecaa5967403d082aa24f35e1b516d23)
Start importing Assets/PolygonWestern/Models/SM_Bld_Sign_09.fbx using Guid(23b3dfe69b2cf824fb49b84fdb87f2df) Importer(2089858483,0ecaa5967403d082aa24f35e1b516d23) [PhysX] Initialized MultithreadedTaskDispatcher with 32 workers.
 -> (artifact id: '0a103bacfd348585bd7545dad74666d8') in 0.007234 seconds
Number of updated asset objects reloaded before import = 0
Number of asset objects unloaded after import = 7
========================================================================
Received Import Request.
  Time since last request: 0.348768 seconds.
  path: Assets/PolygonWestern/Models/SM_Env_Cactus_07.fbx
  artifactKey: Guid(1e2f4ba148968444b9d54d1c49084470) Importer(2089858483,0ecaa5967403d082aa24f35e1b516d23)
Start importing Assets/PolygonWestern/Models/SM_Env_Cactus_07.fbx using Guid(1e2f4ba148968444b9d54d1c49084470) Importer(2089858483,0ecaa5967403d082aa24f35e1b516d23) [PhysX] Initialized MultithreadedTaskDispatcher with 32 workers.
 -> (artifact id: 'c02538890b55ec1b4061ecb5a0a92ce6') in 0.005754 seconds
Number of updated asset objects reloaded before import = 0
Number of asset objects unloaded after import = 7
========================================================================
Received Import Request.
  Time since last request: 0.000013 seconds.
  path: Assets/PolygonWestern/Models/SM_Bld_Sign_12.fbx
  artifactKey: Guid(94a5ff6a8316dbf498df2dd97e5c4745) Importer(2089858483,0ecaa5967403d082aa24f35e1b516d23)
Start importing Assets/PolygonWestern/Models/SM_Bld_Sign_12.fbx using Guid(94a5ff6a8316dbf498df2dd97e5c4745) Importer(2089858483,0ecaa5967403d082aa24f35e1b516d23) [PhysX] Initialized MultithreadedTaskDispatcher with 32 workers.
 -> (artifact id: 'bbaeaec0fe2da98f6171c55addaefcd5') in 0.014518 seconds
Number of updated asset objects reloaded before import = 0
Number of asset objects unloaded after import = 7
========================================================================
Received Import Request.
  Time since last request: 0.000012 seconds.
  path: Assets/PolygonWestern/Models/SM_Prop_Wood_Pile_04.fbx
  artifactKey: Guid(95001ddb25d5b134fb01102228c2477d) Importer(2089858483,0ecaa5967403d082aa24f35e1b516d23)
Start importing Assets/PolygonWestern/Models/SM_Prop_Wood_Pile_04.fbx using Guid(95001ddb25d5b134fb01102228c2477d) Importer(2089858483,0ecaa5967403d082aa24f35e1b516d23) [PhysX] Initialized MultithreadedTaskDispatcher with 32 workers.
 -> (artifact id: '839ed372317e1c30b912955c06b2b0da') in 0.006517 seconds
Number of updated asset objects reloaded before import = 0
Number of asset objects unloaded after import = 7
========================================================================
Received Import Request.
  Time since last request: 0.000012 seconds.
  path: Assets/PolygonWestern/Models/SM_Env_Cactus_11.fbx
  artifactKey: Guid(c8ac1df7a599caa4ea210420c37b079f) Importer(2089858483,0ecaa5967403d082aa24f35e1b516d23)
Start importing Assets/PolygonWestern/Models/SM_Env_Cactus_11.fbx using Guid(c8ac1df7a599caa4ea210420c37b079f) Importer(2089858483,0ecaa5967403d082aa24f35e1b516d23) [PhysX] Initialized MultithreadedTaskDispatcher with 32 workers.
 -> (artifact id: 'ae12dfaa1a752d9a01facdf8afc57a0d') in 0.006855 seconds
Number of updated asset objects reloaded before import = 0
Number of asset objects unloaded after import = 7
========================================================================
Received Import Request.
  Time since last request: 0.000012 seconds.
  path: Assets/PolygonWestern/Models/SM_Prop_Bottle_Broken_02.fbx
  artifactKey: Guid(737afd5c444ebc140b33fb34a674359b) Importer(2089858483,0ecaa5967403d082aa24f35e1b516d23)
Start importing Assets/PolygonWestern/Models/SM_Prop_Bottle_Broken_02.fbx using Guid(737afd5c444ebc140b33fb34a674359b) Importer(2089858483,0ecaa5967403d082aa24f35e1b516d23) [PhysX] Initialized MultithreadedTaskDispatcher with 32 workers.
 -> (artifact id: '4e519ca099116136d6095bced33b0985') in 0.006696 seconds
Number of updated asset objects reloaded before import = 0
Number of asset objects unloaded after import = 7
========================================================================
Received Import Request.
  Time since last request: 0.000016 seconds.
  path: Assets/PolygonWestern/Models/CollisionConvex/SM_Wep_Shotgun_01_Convex.asset
  artifactKey: Guid(fbc8b6160cb2a7e4f8160e7196b4d376) Importer(2089858483,0ecaa5967403d082aa24f35e1b516d23)
Start importing Assets/PolygonWestern/Models/CollisionConvex/SM_Wep_Shotgun_01_Convex.asset using Guid(fbc8b6160cb2a7e4f8160e7196b4d376) Importer(2089858483,0ecaa5967403d082aa24f35e1b516d23) [PhysX] Initialized MultithreadedTaskDispatcher with 32 workers.
 -> (artifact id: 'efb834b53e57bcc9a5c85e3f89831faa') in 0.002406 seconds
Number of updated asset objects reloaded before import = 0
Number of asset objects unloaded after import = 1
========================================================================
Received Import Request.
  Time since last request: 0.000220 seconds.
  path: Assets/PolygonWestern/Models/Colliders/SM_Bld_Single_Front_03_Collision.fbx
  artifactKey: Guid(6f240ded02d0cd24b86eb42fec65889c) Importer(2089858483,0ecaa5967403d082aa24f35e1b516d23)
Start importing Assets/PolygonWestern/Models/Colliders/SM_Bld_Single_Front_03_Collision.fbx using Guid(6f240ded02d0cd24b86eb42fec65889c) Importer(2089858483,0ecaa5967403d082aa24f35e1b516d23) [PhysX] Initialized MultithreadedTaskDispatcher with 32 workers.
 -> (artifact id: 'ce8db2b3a2b1aa66bb151fa9b11027d5') in 0.011379 seconds
Number of updated asset objects reloaded before import = 0
Number of asset objects unloaded after import = 7
========================================================================
Received Import Request.
  Time since last request: 0.000013 seconds.
  path: Assets/PolygonWestern/Prefabs/Weapons/SM_Wep_American_Bayonet_01.prefab
  artifactKey: Guid(0a3c712afb30af7439c380abd17a6681) Importer(2089858483,0ecaa5967403d082aa24f35e1b516d23)
Start importing Assets/PolygonWestern/Prefabs/Weapons/SM_Wep_American_Bayonet_01.prefab using Guid(0a3c712afb30af7439c380abd17a6681) Importer(2089858483,0ecaa5967403d082aa24f35e1b516d23) [PhysX] Initialized MultithreadedTaskDispatcher with 32 workers.
 -> (artifact id: 'e6270401ff4515ff07ae683d4ec1dba3') in 0.005202 seconds
Number of updated asset objects reloaded before import = 0
Number of asset objects unloaded after import = 11
========================================================================
Received Import Request.
  Time since last request: 0.000013 seconds.
  path: Assets/PolygonWestern/Prefabs/Buildings/SM_Bld_Sign_19.prefab
  artifactKey: Guid(7ad3dc219d36d6246be9737f0b53f9b1) Importer(2089858483,0ecaa5967403d082aa24f35e1b516d23)
Start importing Assets/PolygonWestern/Prefabs/Buildings/SM_Bld_Sign_19.prefab using Guid(7ad3dc219d36d6246be9737f0b53f9b1) Importer(2089858483,0ecaa5967403d082aa24f35e1b516d23) [PhysX] Initialized MultithreadedTaskDispatcher with 32 workers.
 -> (artifact id: 'adf1d9966e4e8ba96ef0ea063ce82959') in 0.004223 seconds
Number of updated asset objects reloaded before import = 0
Number of asset objects unloaded after import = 8
========================================================================
Received Import Request.
  Time since last request: 0.000015 seconds.
  path: Assets/PolygonWestern/Models/SM_Prop_Church_Podium_01.fbx
  artifactKey: Guid(860e9234d7f3d06439c6c2d2d5139b22) Importer(2089858483,0ecaa5967403d082aa24f35e1b516d23)
Start importing Assets/PolygonWestern/Models/SM_Prop_Church_Podium_01.fbx using Guid(860e9234d7f3d06439c6c2d2d5139b22) Importer(2089858483,0ecaa5967403d082aa24f35e1b516d23) [PhysX] Initialized MultithreadedTaskDispatcher with 32 workers.
 -> (artifact id: '561fe4ef8f7b004cf0a9caeb4aac1d8d') in 0.006087 seconds
Number of updated asset objects reloaded before import = 0
Number of asset objects unloaded after import = 7
========================================================================
Received Import Request.
  Time since last request: 0.000013 seconds.
  path: Assets/PolygonWestern/Models/SM_Bld_Single_Front_02.fbx
  artifactKey: Guid(30d7ce72ebe404c43be72759b81f411e) Importer(2089858483,0ecaa5967403d082aa24f35e1b516d23)
Start importing Assets/PolygonWestern/Models/SM_Bld_Single_Front_02.fbx using Guid(30d7ce72ebe404c43be72759b81f411e) Importer(2089858483,0ecaa5967403d082aa24f35e1b516d23) [PhysX] Initialized MultithreadedTaskDispatcher with 32 workers.
 -> (artifact id: 'e5726f0678c2fce4b9c0d38d344d32a1') in 0.020928 seconds
Number of updated asset objects reloaded before import = 0
Number of asset objects unloaded after import = 22
========================================================================
Received Import Request.
  Time since last request: 0.000016 seconds.
  path: Assets/PolygonWestern/Models/Colliders/SM_Bld_Double_Deck_04_Collisions.fbx
  artifactKey: Guid(2a5135252955c894fb12f7251bdbbd3a) Importer(2089858483,0ecaa5967403d082aa24f35e1b516d23)
Start importing Assets/PolygonWestern/Models/Colliders/SM_Bld_Double_Deck_04_Collisions.fbx using Guid(2a5135252955c894fb12f7251bdbbd3a) Importer(2089858483,0ecaa5967403d082aa24f35e1b516d23) [PhysX] Initialized MultithreadedTaskDispatcher with 32 workers.
 -> (artifact id: 'd7d7e6b92f44a74e7c10b364bef0266a') in 0.027463 seconds
Number of updated asset objects reloaded before import = 0
Number of asset objects unloaded after import = 10
========================================================================
Received Import Request.
  Time since last request: 0.000018 seconds.
  path: Assets/PolygonWestern/Models/SM_Prop_Crate_01.fbx
  artifactKey: Guid(57854fb99ba71af4286b47d5771ce020) Importer(2089858483,0ecaa5967403d082aa24f35e1b516d23)
Start importing Assets/PolygonWestern/Models/SM_Prop_Crate_01.fbx using Guid(57854fb99ba71af4286b47d5771ce020) Importer(2089858483,0ecaa5967403d082aa24f35e1b516d23) [PhysX] Initialized MultithreadedTaskDispatcher with 32 workers.
 -> (artifact id: '759e90afbd7b69f70e33b158cd87d2d0') in 0.005551 seconds
Number of updated asset objects reloaded before import = 0
Number of asset objects unloaded after import = 7
========================================================================
Received Import Request.
  Time since last request: 0.000022 seconds.
  path: Assets/PolygonWestern/Models/CollisionConvex/SM_Bld_Single_Facade_03_Convex.asset
  artifactKey: Guid(e2e5fb9556ec375438f73af9da605dca) Importer(2089858483,0ecaa5967403d082aa24f35e1b516d23)
Start importing Assets/PolygonWestern/Models/CollisionConvex/SM_Bld_Single_Facade_03_Convex.asset using Guid(e2e5fb9556ec375438f73af9da605dca) Importer(2089858483,0ecaa5967403d082aa24f35e1b516d23) [PhysX] Initialized MultithreadedTaskDispatcher with 32 workers.
 -> (artifact id: '1eeb17e19947f954099de26e5dbfa4a8') in 0.002541 seconds
Number of updated asset objects reloaded before import = 0
Number of asset objects unloaded after import = 1
========================================================================
Received Import Request.
  Time since last request: 0.000012 seconds.
  path: Assets/PolygonWestern/Prefabs/Environments/SM_Env_DustPile_Small_03.prefab
  artifactKey: Guid(d17cbb77ffadd914aaed38b8e3c3037d) Importer(2089858483,0ecaa5967403d082aa24f35e1b516d23)
Start importing Assets/PolygonWestern/Prefabs/Environments/SM_Env_DustPile_Small_03.prefab using Guid(d17cbb77ffadd914aaed38b8e3c3037d) Importer(2089858483,0ecaa5967403d082aa24f35e1b516d23) [PhysX] Initialized MultithreadedTaskDispatcher with 32 workers.
 -> (artifact id: '12ee9dc227d4ff986608cef6ae4b6c28') in 0.012654 seconds
Number of updated asset objects reloaded before import = 0
Number of asset objects unloaded after import = 8
========================================================================
Received Import Request.
  Time since last request: 0.000013 seconds.
  path: Assets/PolygonWestern/Prefabs/Props/SM_Prop_Fur_Roll_01.prefab
  artifactKey: Guid(08517f078af5ba4498a8e1ea5e473368) Importer(2089858483,0ecaa5967403d082aa24f35e1b516d23)
Start importing Assets/PolygonWestern/Prefabs/Props/SM_Prop_Fur_Roll_01.prefab using Guid(08517f078af5ba4498a8e1ea5e473368) Importer(2089858483,0ecaa5967403d082aa24f35e1b516d23) [PhysX] Initialized MultithreadedTaskDispatcher with 32 workers.
 -> (artifact id: 'fdd306a58ffdb394e8205dc28dc5cff3') in 0.004552 seconds
Number of updated asset objects reloaded before import = 0
Number of asset objects unloaded after import = 9
========================================================================
Received Import Request.
  Time since last request: 0.000015 seconds.
  path: Assets/PolygonWestern/Prefabs/Props
  artifactKey: Guid(b16ac747af23ffa4e830fe080acef749) Importer(2089858483,0ecaa5967403d082aa24f35e1b516d23)
Start importing Assets/PolygonWestern/Prefabs/Props using Guid(b16ac747af23ffa4e830fe080acef749) Importer(2089858483,0ecaa5967403d082aa24f35e1b516d23) [PhysX] Initialized MultithreadedTaskDispatcher with 32 workers.
 -> (artifact id: '98729ced16b7a7fe6c44034b9900fddd') in 0.002995 seconds
Number of updated asset objects reloaded before import = 0
Number of asset objects unloaded after import = 1
========================================================================
Received Import Request.
  Time since last request: 0.000028 seconds.
  path: Assets/PolygonWestern/Models/CollisionConvex/SM_Env_Cactus_06_Convex.asset
  artifactKey: Guid(0421638e657d63540abdddefb2cbaa13) Importer(2089858483,0ecaa5967403d082aa24f35e1b516d23)
Start importing Assets/PolygonWestern/Models/CollisionConvex/SM_Env_Cactus_06_Convex.asset using Guid(0421638e657d63540abdddefb2cbaa13) Importer(2089858483,0ecaa5967403d082aa24f35e1b516d23) [PhysX] Initialized MultithreadedTaskDispatcher with 32 workers.
 -> (artifact id: 'bb12e2c728347a1141f83b5615fa4c0f') in 0.003947 seconds
Number of updated asset objects reloaded before import = 0
Number of asset objects unloaded after import = 1
========================================================================
Received Import Request.
  Time since last request: 0.000021 seconds.
  path: Assets/PolygonWestern/Models/Colliders/SM_Bld_Single_01_Collision.fbx
  artifactKey: Guid(276db549cda53a145ba8e49069147946) Importer(2089858483,0ecaa5967403d082aa24f35e1b516d23)
Start importing Assets/PolygonWestern/Models/Colliders/SM_Bld_Single_01_Collision.fbx using Guid(276db549cda53a145ba8e49069147946) Importer(2089858483,0ecaa5967403d082aa24f35e1b516d23) [PhysX] Initialized MultithreadedTaskDispatcher with 32 workers.
 -> (artifact id: '6549681f7e42c24039a795e55ac0b4a9') in 0.005994 seconds
Number of updated asset objects reloaded before import = 0
Number of asset objects unloaded after import = 7
========================================================================
Received Import Request.
  Time since last request: 0.000019 seconds.
  path: Assets/PolygonWestern/Models/SM_Prop_Shelf_01.fbx
  artifactKey: Guid(b4ef2cfe3c1043c4c942c0a896a04cfb) Importer(2089858483,0ecaa5967403d082aa24f35e1b516d23)
Start importing Assets/PolygonWestern/Models/SM_Prop_Shelf_01.fbx using Guid(b4ef2cfe3c1043c4c942c0a896a04cfb) Importer(2089858483,0ecaa5967403d082aa24f35e1b516d23) [PhysX] Initialized MultithreadedTaskDispatcher with 32 workers.
 -> (artifact id: 'dcee43e8397998930607070b4e19c276') in 0.006644 seconds
Number of updated asset objects reloaded before import = 0
Number of asset objects unloaded after import = 7
========================================================================
Received Import Request.
  Time since last request: 0.000017 seconds.
  path: Assets/PolygonWestern/Models/SM_Bld_Sign_05.fbx
  artifactKey: Guid(29fa4d940c6f05447a7283f08d45694e) Importer(2089858483,0ecaa5967403d082aa24f35e1b516d23)
Start importing Assets/PolygonWestern/Models/SM_Bld_Sign_05.fbx using Guid(29fa4d940c6f05447a7283f08d45694e) Importer(2089858483,0ecaa5967403d082aa24f35e1b516d23) [PhysX] Initialized MultithreadedTaskDispatcher with 32 workers.
 -> (artifact id: '738f66b41ab4ca0e5c9c5e62828435f1') in 0.011069 seconds
Number of updated asset objects reloaded before import = 0
Number of asset objects unloaded after import = 7
========================================================================
Received Import Request.
  Time since last request: 0.000013 seconds.
  path: Assets/PolygonWestern/Prefabs/Props/SM_Prop_Cow_Skull_01.prefab
  artifactKey: Guid(01fc8a3d82cf1434d91799b1ef57df76) Importer(2089858483,0ecaa5967403d082aa24f35e1b516d23)
Start importing Assets/PolygonWestern/Prefabs/Props/SM_Prop_Cow_Skull_01.prefab using Guid(01fc8a3d82cf1434d91799b1ef57df76) Importer(2089858483,0ecaa5967403d082aa24f35e1b516d23) [PhysX] Initialized MultithreadedTaskDispatcher with 32 workers.
 -> (artifact id: 'c89d447805d2ef173ae847eb65b00b27') in 0.007318 seconds
Number of updated asset objects reloaded before import = 0
Number of asset objects unloaded after import = 11
========================================================================
Received Import Request.
  Time since last request: 0.000016 seconds.
  path: Assets/PolygonWestern/Models/SM_Prop_Table_Small_01.fbx
  artifactKey: Guid(6e6e2c0cdf01c6c418fc5008458a11ff) Importer(2089858483,0ecaa5967403d082aa24f35e1b516d23)
Start importing Assets/PolygonWestern/Models/SM_Prop_Table_Small_01.fbx using Guid(6e6e2c0cdf01c6c418fc5008458a11ff) Importer(2089858483,0ecaa5967403d082aa24f35e1b516d23) [PhysX] Initialized MultithreadedTaskDispatcher with 32 workers.
 -> (artifact id: '33ebfa33cd239fb6f3649ead2e0ff943') in 0.005514 seconds
Number of updated asset objects reloaded before import = 0
Number of asset objects unloaded after import = 7
========================================================================
Received Import Request.
  Time since last request: 0.000013 seconds.
  path: Assets/PolygonWestern/Prefabs/Buildings/SM_Bld_Double_Facade_04.prefab
  artifactKey: Guid(f11dd3cfb721bda489b6dd92ecc1ffe3) Importer(2089858483,0ecaa5967403d082aa24f35e1b516d23)
Start importing Assets/PolygonWestern/Prefabs/Buildings/SM_Bld_Double_Facade_04.prefab using Guid(f11dd3cfb721bda489b6dd92ecc1ffe3) Importer(2089858483,0ecaa5967403d082aa24f35e1b516d23) [PhysX] Initialized MultithreadedTaskDispatcher with 32 workers.
 -> (artifact id: '2966b379d6916a57d92458a245b2f032') in 0.005653 seconds
Number of updated asset objects reloaded before import = 0
Number of asset objects unloaded after import = 9
========================================================================
Received Import Request.
  Time since last request: 0.000018 seconds.
  path: Assets/PolygonWestern/Models/CollisionConvex/SM_Env_Butte_04_Convex 1.asset
  artifactKey: Guid(a11739727c632904488a970d42a3646d) Importer(2089858483,0ecaa5967403d082aa24f35e1b516d23)
Start importing Assets/PolygonWestern/Models/CollisionConvex/SM_Env_Butte_04_Convex 1.asset using Guid(a11739727c632904488a970d42a3646d) Importer(2089858483,0ecaa5967403d082aa24f35e1b516d23) [PhysX] Initialized MultithreadedTaskDispatcher with 32 workers.
 -> (artifact id: '66648039c60cb36893e96bae4b13dfbe') in 0.002881 seconds
Number of updated asset objects reloaded before import = 0
Number of asset objects unloaded after import = 1
========================================================================
Received Import Request.
  Time since last request: 0.000012 seconds.
  path: Assets/PolygonWestern/Prefabs/Weapons/SM_Wep_Rifle_01.prefab
  artifactKey: Guid(f8179cff3ce8de647b569f1f9f134767) Importer(2089858483,0ecaa5967403d082aa24f35e1b516d23)
Start importing Assets/PolygonWestern/Prefabs/Weapons/SM_Wep_Rifle_01.prefab using Guid(f8179cff3ce8de647b569f1f9f134767) Importer(2089858483,0ecaa5967403d082aa24f35e1b516d23) [PhysX] Initialized MultithreadedTaskDispatcher with 32 workers.
 -> (artifact id: '967a890dd2c055908add842fe7347e31') in 0.012030 seconds
Number of updated asset objects reloaded before import = 0
Number of asset objects unloaded after import = 31
========================================================================
Received Import Request.
  Time since last request: 0.000018 seconds.
  path: Assets/PolygonWestern/Models/SM_Bld_Double_Deck_04.fbx
  artifactKey: Guid(0e16efa18a4b0184ea0d0e691c02a175) Importer(2089858483,0ecaa5967403d082aa24f35e1b516d23)
Start importing Assets/PolygonWestern/Models/SM_Bld_Double_Deck_04.fbx using Guid(0e16efa18a4b0184ea0d0e691c02a175) Importer(2089858483,0ecaa5967403d082aa24f35e1b516d23) [PhysX] Initialized MultithreadedTaskDispatcher with 32 workers.
 -> (artifact id: 'cb463900a61c11e563080e2106ca511d') in 0.006680 seconds
Number of updated asset objects reloaded before import = 0
Number of asset objects unloaded after import = 7
========================================================================
Received Import Request.
  Time since last request: 0.135206 seconds.
  path: Assets/PolygonWestern/Models/SM_Prop_Poker_Chip_02.fbx
  artifactKey: Guid(30a5b2ce8fbfe0644976ea5dd14517ff) Importer(2089858483,0ecaa5967403d082aa24f35e1b516d23)
Start importing Assets/PolygonWestern/Models/SM_Prop_Poker_Chip_02.fbx using Guid(30a5b2ce8fbfe0644976ea5dd14517ff) Importer(2089858483,0ecaa5967403d082aa24f35e1b516d23) [PhysX] Initialized MultithreadedTaskDispatcher with 32 workers.
 -> (artifact id: 'a38130fcdd355a4fbc735f24351fa5ca') in 0.009090 seconds
Number of updated asset objects reloaded before import = 0
Number of asset objects unloaded after import = 7
========================================================================
Received Import Request.
  Time since last request: 0.000146 seconds.
  path: Assets/PolygonWestern/Prefabs/Environments/SM_Env_Butte_Base_01.prefab
  artifactKey: Guid(09fe488528bdf434694ecaa6bb101012) Importer(2089858483,0ecaa5967403d082aa24f35e1b516d23)
Start importing Assets/PolygonWestern/Prefabs/Environments/SM_Env_Butte_Base_01.prefab using Guid(09fe488528bdf434694ecaa6bb101012) Importer(2089858483,0ecaa5967403d082aa24f35e1b516d23) [PhysX] Initialized MultithreadedTaskDispatcher with 32 workers.
 -> (artifact id: '74b1b3e34a644ec3d91634a2ad3d295f') in 0.007616 seconds
Number of updated asset objects reloaded before import = 0
Number of asset objects unloaded after import = 8
========================================================================
Received Import Request.
  Time since last request: 0.000098 seconds.
  path: Assets/PolygonWestern/Prefabs/Props/SM_Prop_Bottle_03.prefab
  artifactKey: Guid(14c7e6be46ece4f45b8e7eb21032c206) Importer(2089858483,0ecaa5967403d082aa24f35e1b516d23)
Start importing Assets/PolygonWestern/Prefabs/Props/SM_Prop_Bottle_03.prefab using Guid(14c7e6be46ece4f45b8e7eb21032c206) Importer(2089858483,0ecaa5967403d082aa24f35e1b516d23) [PhysX] Initialized MultithreadedTaskDispatcher with 32 workers.
 -> (artifact id: '52f63657a7c67f922d650de7b91b59e7') in 0.004555 seconds
Number of updated asset objects reloaded before import = 0
Number of asset objects unloaded after import = 9
========================================================================
Received Import Request.
  Time since last request: 0.000013 seconds.
  path: Assets/PolygonWestern/Prefabs/Props/SM_Prop_Curtain_Rail_01.prefab
  artifactKey: Guid(d378692ba57e11f4b8b463e1a7c43622) Importer(2089858483,0ecaa5967403d082aa24f35e1b516d23)
Start importing Assets/PolygonWestern/Prefabs/Props/SM_Prop_Curtain_Rail_01.prefab using Guid(d378692ba57e11f4b8b463e1a7c43622) Importer(2089858483,0ecaa5967403d082aa24f35e1b516d23) [PhysX] Initialized MultithreadedTaskDispatcher with 32 workers.
 -> (artifact id: '7cd87d737211fd942903bcc5bd2bbd8f') in 0.012849 seconds
Number of updated asset objects reloaded before import = 0
Number of asset objects unloaded after import = 9
========================================================================
Received Import Request.
  Time since last request: 0.000013 seconds.
  path: Assets/PolygonWestern/Models/CollisionConvex/SM_Prop_Bottle_Broken_02_Convex.asset
  artifactKey: Guid(6713e0f0846bd1f458d850e9dade226d) Importer(2089858483,0ecaa5967403d082aa24f35e1b516d23)
Start importing Assets/PolygonWestern/Models/CollisionConvex/SM_Prop_Bottle_Broken_02_Convex.asset using Guid(6713e0f0846bd1f458d850e9dade226d) Importer(2089858483,0ecaa5967403d082aa24f35e1b516d23) [PhysX] Initialized MultithreadedTaskDispatcher with 32 workers.
 -> (artifact id: '7ce02c68501b97bc598e04663554e07c') in 0.002753 seconds
Number of updated asset objects reloaded before import = 0
Number of asset objects unloaded after import = 1
========================================================================
Received Import Request.
  Time since last request: 0.000014 seconds.
  path: Assets/PolygonWestern/Models/CollisionConvex/SM_Bld_Double_Facade_02_Convex.asset
  artifactKey: Guid(60a81331ce074904394fa308a4e85279) Importer(2089858483,0ecaa5967403d082aa24f35e1b516d23)
Start importing Assets/PolygonWestern/Models/CollisionConvex/SM_Bld_Double_Facade_02_Convex.asset using Guid(60a81331ce074904394fa308a4e85279) Importer(2089858483,0ecaa5967403d082aa24f35e1b516d23) [PhysX] Initialized MultithreadedTaskDispatcher with 32 workers.
 -> (artifact id: 'a6e585b5769b43bd533813d534e7c8a6') in 0.003472 seconds
Number of updated asset objects reloaded before import = 0
Number of asset objects unloaded after import = 1
========================================================================
Received Import Request.
  Time since last request: 0.000015 seconds.
  path: Assets/PolygonWestern/Models/SM_Env_Rocks_02.fbx
  artifactKey: Guid(610c8450e3ceee547b842d29db2b44ae) Importer(2089858483,0ecaa5967403d082aa24f35e1b516d23)
Start importing Assets/PolygonWestern/Models/SM_Env_Rocks_02.fbx using Guid(610c8450e3ceee547b842d29db2b44ae) Importer(2089858483,0ecaa5967403d082aa24f35e1b516d23) [PhysX] Initialized MultithreadedTaskDispatcher with 32 workers.
 -> (artifact id: '19e00690977db14c3e001c221196bebe') in 0.009135 seconds
Number of updated asset objects reloaded before import = 0
Number of asset objects unloaded after import = 7
========================================================================
Received Import Request.
  Time since last request: 0.000016 seconds.
  path: Assets/PolygonWestern/Models/SM_Bld_Double_Facade_04.fbx
  artifactKey: Guid(20d8d859818b884438ad5b7b95b53c0b) Importer(2089858483,0ecaa5967403d082aa24f35e1b516d23)
Start importing Assets/PolygonWestern/Models/SM_Bld_Double_Facade_04.fbx using Guid(20d8d859818b884438ad5b7b95b53c0b) Importer(2089858483,0ecaa5967403d082aa24f35e1b516d23) [PhysX] Initialized MultithreadedTaskDispatcher with 32 workers.
 -> (artifact id: '3cf1ab4a00d8d5ec6772ebc80fb540a6') in 0.005673 seconds
Number of updated asset objects reloaded before import = 0
Number of asset objects unloaded after import = 7
========================================================================
Received Import Request.
  Time since last request: 0.000021 seconds.
  path: Assets/PolygonWestern/Models/SM_Prop_Curtain_01.fbx
  artifactKey: Guid(bec8d00f785002d4fa0331b06df2f972) Importer(2089858483,0ecaa5967403d082aa24f35e1b516d23)
Start importing Assets/PolygonWestern/Models/SM_Prop_Curtain_01.fbx using Guid(bec8d00f785002d4fa0331b06df2f972) Importer(2089858483,0ecaa5967403d082aa24f35e1b516d23) [PhysX] Initialized MultithreadedTaskDispatcher with 32 workers.
 -> (artifact id: '4ed3f882f64b2a45c8c465eeb2ab0edb') in 0.011595 seconds
Number of updated asset objects reloaded before import = 0
Number of asset objects unloaded after import = 7
========================================================================
Received Import Request.
  Time since last request: 0.000015 seconds.
  path: Assets/PolygonWestern/Prefabs/Buildings/SM_Bld_Double_Roof_02.prefab
  artifactKey: Guid(9a45416bd066062409368eb7347cb3b5) Importer(2089858483,0ecaa5967403d082aa24f35e1b516d23)
Start importing Assets/PolygonWestern/Prefabs/Buildings/SM_Bld_Double_Roof_02.prefab using Guid(9a45416bd066062409368eb7347cb3b5) Importer(2089858483,0ecaa5967403d082aa24f35e1b516d23) [PhysX] Initialized MultithreadedTaskDispatcher with 32 workers.
 -> (artifact id: 'a5553ed82a918ec71ce4bdbd15bafeec') in 0.006369 seconds
Number of updated asset objects reloaded before import = 0
Number of asset objects unloaded after import = 9
========================================================================
Received Import Request.
  Time since last request: 0.000017 seconds.
  path: Assets/PolygonWestern/Models/CollisionConvex/SM_Veh_Train_Coal_01_Convex.asset
  artifactKey: Guid(c8507d14d835db8438d4e8c54d872db7) Importer(2089858483,0ecaa5967403d082aa24f35e1b516d23)
Start importing Assets/PolygonWestern/Models/CollisionConvex/SM_Veh_Train_Coal_01_Convex.asset using Guid(c8507d14d835db8438d4e8c54d872db7) Importer(2089858483,0ecaa5967403d082aa24f35e1b516d23) [PhysX] Initialized MultithreadedTaskDispatcher with 32 workers.
 -> (artifact id: 'af9b051e1a978981c05a1ba7836411a8') in 0.002592 seconds
Number of updated asset objects reloaded before import = 0
Number of asset objects unloaded after import = 1
========================================================================
Received Import Request.
  Time since last request: 0.000012 seconds.
  path: Assets/PolygonWestern/Prefabs/Buildings/SM_Bld_Single_Roof_01.prefab
  artifactKey: Guid(23dfd6d5027c9ff45966ec78c618e8c0) Importer(2089858483,0ecaa5967403d082aa24f35e1b516d23)
Start importing Assets/PolygonWestern/Prefabs/Buildings/SM_Bld_Single_Roof_01.prefab using Guid(23dfd6d5027c9ff45966ec78c618e8c0) Importer(2089858483,0ecaa5967403d082aa24f35e1b516d23) [PhysX] Initialized MultithreadedTaskDispatcher with 32 workers.
 -> (artifact id: '9e3e42a3f6c951308f4e575975c3c862') in 0.005168 seconds
Number of updated asset objects reloaded before import = 0
Number of asset objects unloaded after import = 9
========================================================================
Received Import Request.
  Time since last request: 0.000014 seconds.
  path: Assets/PolygonWestern/Models/SM_Bld_Sign_06.fbx
  artifactKey: Guid(2d701906905f1fc46b2e4f73bbbb9ef6) Importer(2089858483,0ecaa5967403d082aa24f35e1b516d23)
Start importing Assets/PolygonWestern/Models/SM_Bld_Sign_06.fbx using Guid(2d701906905f1fc46b2e4f73bbbb9ef6) Importer(2089858483,0ecaa5967403d082aa24f35e1b516d23) [PhysX] Initialized MultithreadedTaskDispatcher with 32 workers.
 -> (artifact id: '57f0c4478bf0a2fd726acf3452e05664') in 0.008383 seconds
Number of updated asset objects reloaded before import = 0
Number of asset objects unloaded after import = 7
========================================================================
Received Import Request.
  Time since last request: 0.000012 seconds.
  path: Assets/PolygonWestern/Models/SM_Veh_Train_Carriage_01.fbx
  artifactKey: Guid(6e17b4f6d557b41488d66ba9d108795d) Importer(2089858483,0ecaa5967403d082aa24f35e1b516d23)
Start importing Assets/PolygonWestern/Models/SM_Veh_Train_Carriage_01.fbx using Guid(6e17b4f6d557b41488d66ba9d108795d) Importer(2089858483,0ecaa5967403d082aa24f35e1b516d23) [PhysX] Initialized MultithreadedTaskDispatcher with 32 workers.
 -> (artifact id: 'd88f96186a04fed2c189d0bfa75173f9') in 0.025799 seconds
Number of updated asset objects reloaded before import = 0
Number of asset objects unloaded after import = 57
========================================================================
Received Import Request.
  Time since last request: 0.000024 seconds.
  path: Assets/PolygonWestern/Models/SM_Env_Rocks_01.fbx
  artifactKey: Guid(3254391a65835ec4a829497f1a6aaadc) Importer(2089858483,0ecaa5967403d082aa24f35e1b516d23)
Start importing Assets/PolygonWestern/Models/SM_Env_Rocks_01.fbx using Guid(3254391a65835ec4a829497f1a6aaadc) Importer(2089858483,0ecaa5967403d082aa24f35e1b516d23) [PhysX] Initialized MultithreadedTaskDispatcher with 32 workers.
 -> (artifact id: '35a0461789483c19676ab73f211b5b9a') in 0.009365 seconds
Number of updated asset objects reloaded before import = 0
Number of asset objects unloaded after import = 7
========================================================================
Received Import Request.
  Time since last request: 0.000012 seconds.
  path: Assets/PolygonWestern/Prefabs/Props/SM_Prop_Barrel_02.prefab
  artifactKey: Guid(879a8d323fc98e145966106e9d2018a3) Importer(2089858483,0ecaa5967403d082aa24f35e1b516d23)
Start importing Assets/PolygonWestern/Prefabs/Props/SM_Prop_Barrel_02.prefab using Guid(879a8d323fc98e145966106e9d2018a3) Importer(2089858483,0ecaa5967403d082aa24f35e1b516d23) [PhysX] Initialized MultithreadedTaskDispatcher with 32 workers.
 -> (artifact id: 'f0f25b635cfffdb9b108b3c6daf7b5d7') in 0.004739 seconds
Number of updated asset objects reloaded before import = 0
Number of asset objects unloaded after import = 9
========================================================================
Received Import Request.
  Time since last request: 0.000014 seconds.
  path: Assets/PolygonWestern/Models/SM_Prop_Bottle_02.fbx
  artifactKey: Guid(4956bdb6d9d0f3a48a8a58bc7fd17dbd) Importer(2089858483,0ecaa5967403d082aa24f35e1b516d23)
Start importing Assets/PolygonWestern/Models/SM_Prop_Bottle_02.fbx using Guid(4956bdb6d9d0f3a48a8a58bc7fd17dbd) Importer(2089858483,0ecaa5967403d082aa24f35e1b516d23) [PhysX] Initialized MultithreadedTaskDispatcher with 32 workers.
 -> (artifact id: 'd94ec1e259f9ac0d1afa1ad2c7c47a14') in 0.015253 seconds
Number of updated asset objects reloaded before import = 0
Number of asset objects unloaded after import = 7
========================================================================
Received Import Request.
  Time since last request: 0.000015 seconds.
  path: Assets/PolygonWestern/Prefabs/Environments/SM_Env_DustPile_Large_02.prefab
  artifactKey: Guid(f36791e04fe916942a60757651385b46) Importer(2089858483,0ecaa5967403d082aa24f35e1b516d23)
Start importing Assets/PolygonWestern/Prefabs/Environments/SM_Env_DustPile_Large_02.prefab using Guid(f36791e04fe916942a60757651385b46) Importer(2089858483,0ecaa5967403d082aa24f35e1b516d23) [PhysX] Initialized MultithreadedTaskDispatcher with 32 workers.
 -> (artifact id: 'e7fa9ffb9f2bf7afe25e4e79c06bd816') in 0.005044 seconds
Number of updated asset objects reloaded before import = 0
Number of asset objects unloaded after import = 8
========================================================================
Received Import Request.
  Time since last request: 0.000014 seconds.
  path: Assets/PolygonWestern/Models/CollisionConvex/SM_Env_Grave_01_Convex.asset
  artifactKey: Guid(32220065b60647b4f9add1b74161621e) Importer(2089858483,0ecaa5967403d082aa24f35e1b516d23)
Start importing Assets/PolygonWestern/Models/CollisionConvex/SM_Env_Grave_01_Convex.asset using Guid(32220065b60647b4f9add1b74161621e) Importer(2089858483,0ecaa5967403d082aa24f35e1b516d23) [PhysX] Initialized MultithreadedTaskDispatcher with 32 workers.
 -> (artifact id: 'd600ce24ef3363415119351c7f619d24') in 0.002722 seconds
Number of updated asset objects reloaded before import = 0
Number of asset objects unloaded after import = 1
========================================================================
Received Import Request.
  Time since last request: 0.000013 seconds.
  path: Assets/PolygonWestern/Models/SM_Prop_Cash_Register_01.fbx
  artifactKey: Guid(9c02b7dd6d9281a4fb1745fdcf251f8f) Importer(2089858483,0ecaa5967403d082aa24f35e1b516d23)
Start importing Assets/PolygonWestern/Models/SM_Prop_Cash_Register_01.fbx using Guid(9c02b7dd6d9281a4fb1745fdcf251f8f) Importer(2089858483,0ecaa5967403d082aa24f35e1b516d23) [PhysX] Initialized MultithreadedTaskDispatcher with 32 workers.
 -> (artifact id: '30a5cfb79735043b942469747c6e1764') in 0.005765 seconds
Number of updated asset objects reloaded before import = 0
Number of asset objects unloaded after import = 7
========================================================================
Received Import Request.
  Time since last request: 0.000014 seconds.
  path: Assets/PolygonWestern/Prefabs/Buildings/SM_Bld_Large_Preset_02.prefab
  artifactKey: Guid(eebdb6adb5dbe6749b8434a5f2d2c23a) Importer(2089858483,0ecaa5967403d082aa24f35e1b516d23)
Start importing Assets/PolygonWestern/Prefabs/Buildings/SM_Bld_Large_Preset_02.prefab using Guid(eebdb6adb5dbe6749b8434a5f2d2c23a) Importer(2089858483,0ecaa5967403d082aa24f35e1b516d23) [PhysX] Initialized MultithreadedTaskDispatcher with 32 workers.
 -> (artifact id: '63e88e031ab03106622c09af263ae741') in 0.010158 seconds
Number of updated asset objects reloaded before import = 0
Number of asset objects unloaded after import = 162
========================================================================
Received Import Request.
  Time since last request: 0.000015 seconds.
  path: Assets/PolygonWestern/Models/SM_Env_Cliff_Curve_01.fbx
  artifactKey: Guid(023f43de06975d748a2f0b2c56464cdc) Importer(2089858483,0ecaa5967403d082aa24f35e1b516d23)
Start importing Assets/PolygonWestern/Models/SM_Env_Cliff_Curve_01.fbx using Guid(023f43de06975d748a2f0b2c56464cdc) Importer(2089858483,0ecaa5967403d082aa24f35e1b516d23) [PhysX] Initialized MultithreadedTaskDispatcher with 32 workers.
 -> (artifact id: '86cd901cfa53ca979a57ac99b7925684') in 0.014970 seconds
Number of updated asset objects reloaded before import = 0
Number of asset objects unloaded after import = 7
========================================================================
Received Import Request.
  Time since last request: 0.000019 seconds.
  path: Assets/PolygonWestern/Models/CollisionConvex/SM_Veh_Stagecoach_01_Convex.asset
  artifactKey: Guid(e1f43bc2dcba7c64096fe743f4d345b7) Importer(2089858483,0ecaa5967403d082aa24f35e1b516d23)
Start importing Assets/PolygonWestern/Models/CollisionConvex/SM_Veh_Stagecoach_01_Convex.asset using Guid(e1f43bc2dcba7c64096fe743f4d345b7) Importer(2089858483,0ecaa5967403d082aa24f35e1b516d23) [PhysX] Initialized MultithreadedTaskDispatcher with 32 workers.
 -> (artifact id: 'df4053608c30b6a775e2654d3e7e31cb') in 0.003115 seconds
Number of updated asset objects reloaded before import = 0
Number of asset objects unloaded after import = 1
========================================================================
Received Import Request.
  Time since last request: 0.000021 seconds.
  path: Assets/PolygonWestern/Models/SM_Prop_Ladder_01.fbx
  artifactKey: Guid(7d4cfa2272f42ab4987190dc365f3f2c) Importer(2089858483,0ecaa5967403d082aa24f35e1b516d23)
Start importing Assets/PolygonWestern/Models/SM_Prop_Ladder_01.fbx using Guid(7d4cfa2272f42ab4987190dc365f3f2c) Importer(2089858483,0ecaa5967403d082aa24f35e1b516d23) [PhysX] Initialized MultithreadedTaskDispatcher with 32 workers.
 -> (artifact id: '96522030c82223e34c9d54899ca8ec87') in 0.005722 seconds
Number of updated asset objects reloaded before import = 0
Number of asset objects unloaded after import = 7
========================================================================
Received Import Request.
  Time since last request: 0.000011 seconds.
  path: Assets/PolygonWestern/Models/SM_Env_Sand_Ground_04.fbx
  artifactKey: Guid(0a3ffdd6f434995419c793091e4c1739) Importer(2089858483,0ecaa5967403d082aa24f35e1b516d23)
Start importing Assets/PolygonWestern/Models/SM_Env_Sand_Ground_04.fbx using Guid(0a3ffdd6f434995419c793091e4c1739) Importer(2089858483,0ecaa5967403d082aa24f35e1b516d23) [PhysX] Initialized MultithreadedTaskDispatcher with 32 workers.
 -> (artifact id: '5cd9bb34ad1a1eabdb6a525ae166f5ea') in 0.005830 seconds
Number of updated asset objects reloaded before import = 0
Number of asset objects unloaded after import = 7
========================================================================
Received Import Request.
  Time since last request: 0.000013 seconds.
  path: Assets/PolygonWestern/Models/CollisionConvex/SM_Prop_JailBed_01_Convex.asset
  artifactKey: Guid(59a4e6a31ff92884e9b08c2447eedfb2) Importer(2089858483,0ecaa5967403d082aa24f35e1b516d23)
Start importing Assets/PolygonWestern/Models/CollisionConvex/SM_Prop_JailBed_01_Convex.asset using Guid(59a4e6a31ff92884e9b08c2447eedfb2) Importer(2089858483,0ecaa5967403d082aa24f35e1b516d23) [PhysX] Initialized MultithreadedTaskDispatcher with 32 workers.
 -> (artifact id: '6129a0eff09e2f019fe1e9832e7b274e') in 0.003406 seconds
Number of updated asset objects reloaded before import = 0
Number of asset objects unloaded after import = 1
========================================================================
Received Import Request.
  Time since last request: 0.000019 seconds.
  path: Assets/PolygonWestern/Prefabs/Buildings/SM_Bld_Sign_10.prefab
  artifactKey: Guid(2801bef99f088994e8cfbf3539a0812a) Importer(2089858483,0ecaa5967403d082aa24f35e1b516d23)
Start importing Assets/PolygonWestern/Prefabs/Buildings/SM_Bld_Sign_10.prefab using Guid(2801bef99f088994e8cfbf3539a0812a) Importer(2089858483,0ecaa5967403d082aa24f35e1b516d23) [PhysX] Initialized MultithreadedTaskDispatcher with 32 workers.
 -> (artifact id: 'e078c806967720d369d32ca7f9adf3d5') in 0.004918 seconds
Number of updated asset objects reloaded before import = 0
Number of asset objects unloaded after import = 8
========================================================================
Received Import Request.
  Time since last request: 0.000014 seconds.
  path: Assets/PolygonWestern/Models/Colliders/Tracks/SM_Env_Train_Track_Bridge_Top_Curve_01_Collision.fbx
  artifactKey: Guid(73c2e97af667f31418f917ec6f439a3a) Importer(2089858483,0ecaa5967403d082aa24f35e1b516d23)
Start importing Assets/PolygonWestern/Models/Colliders/Tracks/SM_Env_Train_Track_Bridge_Top_Curve_01_Collision.fbx using Guid(73c2e97af667f31418f917ec6f439a3a) Importer(2089858483,0ecaa5967403d082aa24f35e1b516d23) [PhysX] Initialized MultithreadedTaskDispatcher with 32 workers.
 -> (artifact id: 'd5abf7363c45235fb51d1a81ba15551f') in 0.013220 seconds
Number of updated asset objects reloaded before import = 0
Number of asset objects unloaded after import = 7
========================================================================
Received Import Request.
  Time since last request: 0.121288 seconds.
  path: Assets/PolygonWestern/Models/CollisionConvex/SM_Veh_Stagecoach_01_Convex 1.asset
  artifactKey: Guid(adc4a9a92b9239144bfd153ef6da5f88) Importer(2089858483,0ecaa5967403d082aa24f35e1b516d23)
Start importing Assets/PolygonWestern/Models/CollisionConvex/SM_Veh_Stagecoach_01_Convex 1.asset using Guid(adc4a9a92b9239144bfd153ef6da5f88) Importer(2089858483,0ecaa5967403d082aa24f35e1b516d23) [PhysX] Initialized MultithreadedTaskDispatcher with 32 workers.
 -> (artifact id: 'bcdbf2d2f567e607c3f2a3f7b5cf331d') in 0.003317 seconds
Number of updated asset objects reloaded before import = 0
Number of asset objects unloaded after import = 2
========================================================================
Received Import Request.
  Time since last request: 0.000027 seconds.
  path: Assets/PolygonWestern/Prefabs/Props/SM_Prop_Barrel_Broken_01.prefab
  artifactKey: Guid(6c46190a04ac36045bab57473e2bb033) Importer(2089858483,0ecaa5967403d082aa24f35e1b516d23)
Start importing Assets/PolygonWestern/Prefabs/Props/SM_Prop_Barrel_Broken_01.prefab using Guid(6c46190a04ac36045bab57473e2bb033) Importer(2089858483,0ecaa5967403d082aa24f35e1b516d23) [PhysX] Initialized MultithreadedTaskDispatcher with 32 workers.
 -> (artifact id: '44387adcd259d2ea83c39ff7ab185af2') in 0.004820 seconds
Number of updated asset objects reloaded before import = 0
Number of asset objects unloaded after import = 9
========================================================================
Received Import Request.
  Time since last request: 0.000112 seconds.
  path: Assets/PolygonWestern/Prefabs/Weapons/SM_Wep_Shotgun_02.prefab
  artifactKey: Guid(5fb00c8822a8e7f43a78ba89a7971e2f) Importer(2089858483,0ecaa5967403d082aa24f35e1b516d23)
Start importing Assets/PolygonWestern/Prefabs/Weapons/SM_Wep_Shotgun_02.prefab using Guid(5fb00c8822a8e7f43a78ba89a7971e2f) Importer(2089858483,0ecaa5967403d082aa24f35e1b516d23) [PhysX] Initialized MultithreadedTaskDispatcher with 32 workers.
 -> (artifact id: '9c0455c3230313ce8c62de48d7af473a') in 0.007180 seconds
Number of updated asset objects reloaded before import = 0
Number of asset objects unloaded after import = 26
========================================================================
Received Import Request.
  Time since last request: 0.000012 seconds.
  path: Assets/ZombieHealth.cs
  artifactKey: Guid(6f71ea156d47d5c4aa4a2d54e5669214) Importer(2089858483,0ecaa5967403d082aa24f35e1b516d23)
Start importing Assets/ZombieHealth.cs using Guid(6f71ea156d47d5c4aa4a2d54e5669214) Importer(2089858483,0ecaa5967403d082aa24f35e1b516d23) [PhysX] Initialized MultithreadedTaskDispatcher with 32 workers.
 -> (artifact id: '7ca4987cb1d17f6e3c9a736bf8e87141') in 0.003040 seconds
Number of updated asset objects reloaded before import = 0
Number of asset objects unloaded after import = 1
Editor requested this worker to shutdown with reason: Scaling down because of idle timeout
TcpMessagingSession - receive error
AssetImportWorkerClient::OnTransportError - code=2 error=End of file
AssetImportWorker is now disconnected from the server
Process exiting
Exiting without the bug reporter. Application will terminate with return code 0